#
# There is insufficient memory for the Java Runtime Environment to continue.
# Native memory allocation (malloc) failed to allocate 676096 bytes for Chunk::new
# Possible reasons:
#   The system is out of physical RAM or swap space
#   The process is running with CompressedOops enabled, and the Java Heap may be blocking the growth of the native heap
# Possible solutions:
#   Reduce memory load on the system
#   Increase physical memory or swap space
#   Check if swap backing store is full
#   Decrease Java heap size (-Xmx/-Xms)
#   Decrease number of Java threads
#   Decrease Java thread stack sizes (-Xss)
#   Set larger code cache with -XX:ReservedCodeCacheSize=
#   JVM is running with Unscaled Compressed Oops mode in which the Java heap is
#     placed in the first 4GB address space. The Java Heap base address is the
#     maximum limit for the native heap growth. Please use -XX:HeapBaseMinAddress
#     to set the Java Heap base and to place the Java Heap above 4GB virtual address.
# This output file may be truncated or incomplete.
#
#  Out of Memory Error (./src/hotspot/share/memory/arena.cpp:197), pid=13812, tid=24468
#
# JRE version: OpenJDK Runtime Environment Temurin-11.0.15+10 (11.0.15+10) (build 11.0.15+10)
# Java VM: OpenJDK 64-Bit Server VM Temurin-11.0.15+10 (11.0.15+10, mixed mode, tiered, compressed oops, g1 gc, windows-amd64)
# No core dump will be written. Minidumps are not enabled by default on client versions of Windows
#

---------------  S U M M A R Y ------------

Command Line: --add-opens=java.base/java.util=ALL-UNNAMED --add-opens=java.base/java.lang=ALL-UNNAMED --add-opens=java.base/java.lang.invoke=ALL-UNNAMED --add-opens=java.base/java.util=ALL-UNNAMED --add-opens=java.prefs/java.util.prefs=ALL-UNNAMED --add-opens=java.prefs/java.util.prefs=ALL-UNNAMED --add-opens=java.base/java.nio.charset=ALL-UNNAMED --add-opens=java.base/java.net=ALL-UNNAMED --add-opens=java.base/java.util.concurrent.atomic=ALL-UNNAMED -XX:MaxMetaspaceSize=256m -XX:+HeapDumpOnOutOfMemoryError -Xms256m -Xmx512m -Dfile.encoding=windows-1251 -Duser.country=RU -Duser.language=ru -Duser.variant org.gradle.launcher.daemon.bootstrap.GradleDaemon 7.4

Host: AMD Athlon 300U with Radeon Vega Mobile Gfx    , 4 cores, 3G,  Windows 11 , 64 bit Build 22000 (10.0.22000.708)
Time: Mon Oct 10 16:50:33 2022  Windows 11 , 64 bit Build 22000 (10.0.22000.708) elapsed time: 2306.263389 seconds (0d 0h 38m 26s)

---------------  T H R E A D  ---------------

Current thread (0x00000226f4c04800):  JavaThread "C2 CompilerThread0" daemon [_thread_in_native, id=24468, stack(0x00000052bbf00000,0x00000052bc000000)]


Current CompileTask:
C2:2306263 13363       4       org.gradle.launcher.daemon.server.health.gc.GarbageCollectionCheck::run (198 bytes)

Stack: [0x00000052bbf00000,0x00000052bc000000]
Native frames: (J=compiled Java code, j=interpreted, Vv=VM code, C=native code)
V  [jvm.dll+0x61e72a]
V  [jvm.dll+0x7aae49]
V  [jvm.dll+0x7ac538]
V  [jvm.dll+0x7acc13]
V  [jvm.dll+0x24fb28]
V  [jvm.dll+0xc262c]
V  [jvm.dll+0xc2bec]
V  [jvm.dll+0x2c19a4]
V  [jvm.dll+0x52d9b9]
V  [jvm.dll+0x20a469]
V  [jvm.dll+0x207e3b]
V  [jvm.dll+0x18a361]
V  [jvm.dll+0x2178a4]
V  [jvm.dll+0x215aeb]
V  [jvm.dll+0x76d950]
V  [jvm.dll+0x7668b4]
V  [jvm.dll+0x61d586]
C  [ucrtbase.dll+0x26c0c]
C  [KERNEL32.DLL+0x154e0]
C  [ntdll.dll+0x485b]


---------------  P R O C E S S  ---------------

Threads class SMR info:
_java_thread_list=0x00000226f8de7240, length=98, elements={
0x00000226e8c6f800, 0x00000226f4bd7000, 0x00000226f4be0000, 0x00000226f5562800,
0x00000226f4bff800, 0x00000226f4c00800, 0x00000226f4c04800, 0x00000226f556c000,
0x00000226f4c0a800, 0x00000226f56cf000, 0x00000226f7d02800, 0x00000226f61f0000,
0x00000226f77ff800, 0x00000226f78ec000, 0x00000226f78e6800, 0x00000226f78e9800,
0x00000226f8ae8800, 0x00000226f8aeb800, 0x00000226f8aec800, 0x00000226f8aef800,
0x00000226f8aee000, 0x00000226f8aef000, 0x00000226f8af2000, 0x00000226fba71000,
0x00000226f6c77800, 0x00000226f6c78800, 0x00000226f6c75000, 0x00000226f6c74000,
0x00000226f6c79000, 0x00000226f6c73800, 0x00000226f6c76800, 0x00000226f6c7a000,
0x00000226f6c7a800, 0x00000226f6c7b800, 0x00000226f6c76000, 0x00000226f6c80800,
0x00000226f6c82000, 0x00000226f6c7c800, 0x00000226f6c7d000, 0x00000226f6c7f000,
0x00000226f6c7f800, 0x00000226f6c81800, 0x00000226fba75000, 0x00000226fba70800,
0x00000226fba77000, 0x00000226fba73800, 0x00000226fba77800, 0x00000226fba72000,
0x00000226fba78800, 0x00000226fba74800, 0x00000226fba73000, 0x00000226fba7e000,
0x00000226fba7b000, 0x00000226fba7c800, 0x00000226fba7f000, 0x00000226fba79800,
0x00000226fba7a000, 0x00000226fba7b800, 0x00000226fba7d800, 0x00000226f8af3000,
0x00000226f8af4000, 0x00000226f8af4800, 0x00000226f8af0800, 0x00000226f8af6000,
0x00000226f8af7000, 0x00000226f8af5800, 0x00000226f8af1800, 0x00000226f78e7000,
0x00000226f78eb000, 0x00000226f78e8000, 0x00000226f78e9000, 0x00000226f6a5e000,
0x00000226f6a58800, 0x00000226f6a59000, 0x00000226f6a5f800, 0x00000226f6a5d000,
0x00000226f6a5a000, 0x00000226f6a60800, 0x00000226f6a5f000, 0x00000226f6a5b000,
0x00000226f6a61800, 0x00000226f6a5c800, 0x00000226f6a5b800, 0x00000226f6a63000,
0x00000226f6a63800, 0x00000226f6a62000, 0x00000226f6a64800, 0x00000226f6a66000,
0x00000226f6a65800, 0x00000226f6a67000, 0x00000226f6830000, 0x00000226f6831000,
0x00000226f6831800, 0x00000226f6833000, 0x00000226f6832800, 0x00000226f6835000,
0x00000226f6834000, 0x00000226f682f000
}

Java Threads: ( => current thread )
  0x00000226e8c6f800 JavaThread "main" [_thread_blocked, id=21476, stack(0x00000052bb300000,0x00000052bb400000)]
  0x00000226f4bd7000 JavaThread "Reference Handler" daemon [_thread_blocked, id=24380, stack(0x00000052bba00000,0x00000052bbb00000)]
  0x00000226f4be0000 JavaThread "Finalizer" daemon [_thread_blocked, id=27608, stack(0x00000052bbb00000,0x00000052bbc00000)]
  0x00000226f5562800 JavaThread "Signal Dispatcher" daemon [_thread_blocked, id=18452, stack(0x00000052bbc00000,0x00000052bbd00000)]
  0x00000226f4bff800 JavaThread "Attach Listener" daemon [_thread_blocked, id=14360, stack(0x00000052bbd00000,0x00000052bbe00000)]
  0x00000226f4c00800 JavaThread "Service Thread" daemon [_thread_blocked, id=6720, stack(0x00000052bbe00000,0x00000052bbf00000)]
=>0x00000226f4c04800 JavaThread "C2 CompilerThread0" daemon [_thread_in_native, id=24468, stack(0x00000052bbf00000,0x00000052bc000000)]
  0x00000226f556c000 JavaThread "C1 CompilerThread0" daemon [_thread_blocked, id=10224, stack(0x00000052bc000000,0x00000052bc100000)]
  0x00000226f4c0a800 JavaThread "Sweeper thread" daemon [_thread_blocked, id=24048, stack(0x00000052bc100000,0x00000052bc200000)]
  0x00000226f56cf000 JavaThread "Common-Cleaner" daemon [_thread_blocked, id=23684, stack(0x00000052bc200000,0x00000052bc300000)]
  0x00000226f7d02800 JavaThread "Daemon health stats" [_thread_blocked, id=21812, stack(0x00000052bc700000,0x00000052bc800000)]
  0x00000226f61f0000 JavaThread "Incoming local TCP Connector on port 64439" [_thread_in_native, id=26084, stack(0x00000052bc800000,0x00000052bc900000)]
  0x00000226f77ff800 JavaThread "Daemon periodic checks" [_thread_blocked, id=23012, stack(0x00000052bc900000,0x00000052bca00000)]
  0x00000226f78ec000 JavaThread "Cache worker for journal cache (C:\Users\Крис\.gradle\caches\journal-1)" [_thread_blocked, id=25744, stack(0x00000052bd100000,0x00000052bd200000)]
  0x00000226f78e6800 JavaThread "File lock request listener" [_thread_in_native, id=26204, stack(0x00000052bd200000,0x00000052bd300000)]
  0x00000226f78e9800 JavaThread "Cache worker for file hash cache (C:\Users\Крис\.gradle\caches\7.4\fileHashes)" [_thread_blocked, id=13532, stack(0x00000052bd300000,0x00000052bd400000)]
  0x00000226f8ae8800 JavaThread "Cache worker for execution history cache (C:\Users\Крис\.gradle\caches\7.4\executionHistory)" [_thread_blocked, id=20608, stack(0x00000052bda00000,0x00000052bdb00000)]
  0x00000226f8aeb800 JavaThread "jar transforms" [_thread_blocked, id=26460, stack(0x00000052bdb00000,0x00000052bdc00000)]
  0x00000226f8aec800 JavaThread "jar transforms Thread 2" [_thread_blocked, id=26080, stack(0x00000052bdc00000,0x00000052bdd00000)]
  0x00000226f8aef800 JavaThread "Cache worker for file content cache (C:\Users\Крис\.gradle\caches\7.4\fileContent)" [_thread_blocked, id=26224, stack(0x00000052bdd00000,0x00000052bde00000)]
  0x00000226f8aee000 JavaThread "jar transforms Thread 3" [_thread_blocked, id=15044, stack(0x00000052bde00000,0x00000052bdf00000)]
  0x00000226f8aef000 JavaThread "jar transforms Thread 4" [_thread_blocked, id=7248, stack(0x00000052bdf00000,0x00000052be000000)]
  0x00000226f8af2000 JavaThread "Memory manager" [_thread_blocked, id=26056, stack(0x00000052be300000,0x00000052be400000)]
  0x00000226fba71000 JavaThread "Cache worker for Java compile cache (C:\Users\Крис\.gradle\caches\7.4\javaCompile)" [_thread_blocked, id=15864, stack(0x00000052c1000000,0x00000052c1100000)]
  0x00000226f6c77800 JavaThread "Daemon Thread 9" [_thread_blocked, id=3308, stack(0x00000052bb000000,0x00000052bb100000)]
  0x00000226f6c78800 JavaThread "Daemon Thread 10" [_thread_blocked, id=3808, stack(0x00000052bb100000,0x00000052bb200000)]
  0x00000226f6c75000 JavaThread "Handler for socket connection from /127.0.0.1:64439 to /127.0.0.1:50583" [_thread_in_native, id=23916, stack(0x00000052bb200000,0x00000052bb300000)]
  0x00000226f6c74000 JavaThread "Cancel handler" [_thread_blocked, id=14112, stack(0x00000052bcb00000,0x00000052bcc00000)]
  0x00000226f6c79000 JavaThread "Daemon worker Thread 5" [_thread_blocked, id=12096, stack(0x00000052bca00000,0x00000052bcb00000)]
  0x00000226f6c73800 JavaThread "Asynchronous log dispatcher for DefaultDaemonConnection: socket connection from /127.0.0.1:64439 to /127.0.0.1:50583" [_thread_blocked, id=25056, stack(0x00000052bcc00000,0x00000052bcd00000)]
  0x00000226f6c76800 JavaThread "Stdin handler" [_thread_blocked, id=16440, stack(0x00000052bcd00000,0x00000052bce00000)]
  0x00000226f6c7a000 JavaThread "Daemon client event forwarder" [_thread_blocked, id=6992, stack(0x00000052bce00000,0x00000052bcf00000)]
  0x00000226f6c7a800 JavaThread "Cache worker for checksums cache (C:\Pattern\.gradle\7.4\checksums)" [_thread_blocked, id=15520, stack(0x00000052bcf00000,0x00000052bd000000)]
  0x00000226f6c7b800 JavaThread "Cache worker for cache directory md-rule (C:\Users\Крис\.gradle\caches\7.4\md-rule)" [_thread_blocked, id=2072, stack(0x00000052bd000000,0x00000052bd100000)]
  0x00000226f6c76000 JavaThread "Cache worker for file hash cache (C:\Pattern\.gradle\7.4\fileHashes)" [_thread_blocked, id=26864, stack(0x00000052bd600000,0x00000052bd700000)]
  0x00000226f6c80800 JavaThread "Cache worker for cache directory md-supplier (C:\Users\Крис\.gradle\caches\7.4\md-supplier)" [_thread_blocked, id=4980, stack(0x00000052bd700000,0x00000052bd800000)]
  0x00000226f6c82000 JavaThread "Cache worker for dependencies-accessors (C:\Pattern\.gradle\7.4\dependencies-accessors)" [_thread_blocked, id=15508, stack(0x00000052bd800000,0x00000052bd900000)]
  0x00000226f6c7c800 JavaThread "Cache worker for Build Output Cleanup Cache (C:\Pattern\.gradle\buildOutputCleanup)" [_thread_blocked, id=15820, stack(0x00000052bd900000,0x00000052bda00000)]
  0x00000226f6c7d000 JavaThread "Unconstrained build operations" [_thread_blocked, id=26948, stack(0x00000052be000000,0x00000052be100000)]
  0x00000226f6c7f000 JavaThread "included builds" [_thread_blocked, id=12168, stack(0x00000052be100000,0x00000052be200000)]
  0x00000226f6c7f800 JavaThread "Execution worker for ':'" [_thread_blocked, id=9936, stack(0x00000052be200000,0x00000052be300000)]
  0x00000226f6c81800 JavaThread "Execution worker for ':' Thread 2" [_thread_blocked, id=27604, stack(0x00000052be400000,0x00000052be500000)]
  0x00000226fba75000 JavaThread "Execution worker for ':' Thread 3" [_thread_blocked, id=26420, stack(0x00000052be500000,0x00000052be600000)]
  0x00000226fba70800 JavaThread "Cache worker for execution history cache (C:\Pattern\.gradle\7.4\executionHistory)" [_thread_blocked, id=4496, stack(0x00000052be600000,0x00000052be700000)]
  0x00000226fba77000 JavaThread "Unconstrained build operations Thread 2" [_thread_blocked, id=13404, stack(0x00000052be700000,0x00000052be800000)]
  0x00000226fba73800 JavaThread "Unconstrained build operations Thread 3" [_thread_blocked, id=18060, stack(0x00000052be800000,0x00000052be900000)]
  0x00000226fba77800 JavaThread "Unconstrained build operations Thread 4" [_thread_blocked, id=13260, stack(0x00000052be900000,0x00000052bea00000)]
  0x00000226fba72000 JavaThread "Unconstrained build operations Thread 5" [_thread_blocked, id=15560, stack(0x00000052bea00000,0x00000052beb00000)]
  0x00000226fba78800 JavaThread "Unconstrained build operations Thread 6" [_thread_blocked, id=27332, stack(0x00000052beb00000,0x00000052bec00000)]
  0x00000226fba74800 JavaThread "Unconstrained build operations Thread 7" [_thread_blocked, id=20008, stack(0x00000052bec00000,0x00000052bed00000)]
  0x00000226fba73000 JavaThread "Unconstrained build operations Thread 8" [_thread_blocked, id=23728, stack(0x00000052bed00000,0x00000052bee00000)]
  0x00000226fba7e000 JavaThread "Unconstrained build operations Thread 9" [_thread_blocked, id=22460, stack(0x00000052bee00000,0x00000052bef00000)]
  0x00000226fba7b000 JavaThread "Unconstrained build operations Thread 10" [_thread_blocked, id=24420, stack(0x00000052bef00000,0x00000052bf000000)]
  0x00000226fba7c800 JavaThread "Unconstrained build operations Thread 11" [_thread_blocked, id=27316, stack(0x00000052bf000000,0x00000052bf100000)]
  0x00000226fba7f000 JavaThread "Unconstrained build operations Thread 12" [_thread_blocked, id=24612, stack(0x00000052bf100000,0x00000052bf200000)]
  0x00000226fba79800 JavaThread "Unconstrained build operations Thread 13" [_thread_blocked, id=1472, stack(0x00000052bf200000,0x00000052bf300000)]
  0x00000226fba7a000 JavaThread "Unconstrained build operations Thread 14" [_thread_blocked, id=16444, stack(0x00000052bf300000,0x00000052bf400000)]
  0x00000226fba7b800 JavaThread "Unconstrained build operations Thread 15" [_thread_blocked, id=25980, stack(0x00000052bf400000,0x00000052bf500000)]
  0x00000226fba7d800 JavaThread "Unconstrained build operations Thread 16" [_thread_blocked, id=26196, stack(0x00000052bf500000,0x00000052bf600000)]
  0x00000226f8af3000 JavaThread "Unconstrained build operations Thread 17" [_thread_blocked, id=18308, stack(0x00000052bf600000,0x00000052bf700000)]
  0x00000226f8af4000 JavaThread "Unconstrained build operations Thread 18" [_thread_blocked, id=17240, stack(0x00000052bf700000,0x00000052bf800000)]
  0x00000226f8af4800 JavaThread "Unconstrained build operations Thread 19" [_thread_blocked, id=26360, stack(0x00000052bf800000,0x00000052bf900000)]
  0x00000226f8af0800 JavaThread "Unconstrained build operations Thread 20" [_thread_blocked, id=9080, stack(0x00000052bf900000,0x00000052bfa00000)]
  0x00000226f8af6000 JavaThread "Unconstrained build operations Thread 21" [_thread_blocked, id=25240, stack(0x00000052bfa00000,0x00000052bfb00000)]
  0x00000226f8af7000 JavaThread "Unconstrained build operations Thread 22" [_thread_blocked, id=27156, stack(0x00000052bfb00000,0x00000052bfc00000)]
  0x00000226f8af5800 JavaThread "Unconstrained build operations Thread 23" [_thread_blocked, id=13032, stack(0x00000052bfc00000,0x00000052bfd00000)]
  0x00000226f8af1800 JavaThread "Unconstrained build operations Thread 24" [_thread_blocked, id=6160, stack(0x00000052bfd00000,0x00000052bfe00000)]
  0x00000226f78e7000 JavaThread "Unconstrained build operations Thread 25" [_thread_blocked, id=25924, stack(0x00000052bfe00000,0x00000052bff00000)]
  0x00000226f78eb000 JavaThread "Unconstrained build operations Thread 26" [_thread_blocked, id=23220, stack(0x00000052bff00000,0x00000052c0000000)]
  0x00000226f78e8000 JavaThread "Unconstrained build operations Thread 27" [_thread_blocked, id=20436, stack(0x00000052c0000000,0x00000052c0100000)]
  0x00000226f78e9000 JavaThread "Unconstrained build operations Thread 28" [_thread_blocked, id=14024, stack(0x00000052c0100000,0x00000052c0200000)]
  0x00000226f6a5e000 JavaThread "Unconstrained build operations Thread 29" [_thread_blocked, id=11724, stack(0x00000052c0200000,0x00000052c0300000)]
  0x00000226f6a58800 JavaThread "Unconstrained build operations Thread 30" [_thread_blocked, id=12380, stack(0x00000052c0300000,0x00000052c0400000)]
  0x00000226f6a59000 JavaThread "Unconstrained build operations Thread 31" [_thread_blocked, id=26572, stack(0x00000052c0400000,0x00000052c0500000)]
  0x00000226f6a5f800 JavaThread "Unconstrained build operations Thread 32" [_thread_blocked, id=17856, stack(0x00000052c0500000,0x00000052c0600000)]
  0x00000226f6a5d000 JavaThread "Unconstrained build operations Thread 33" [_thread_blocked, id=26372, stack(0x00000052c0600000,0x00000052c0700000)]
  0x00000226f6a5a000 JavaThread "Unconstrained build operations Thread 34" [_thread_blocked, id=24520, stack(0x00000052c0700000,0x00000052c0800000)]
  0x00000226f6a60800 JavaThread "Unconstrained build operations Thread 35" [_thread_blocked, id=2552, stack(0x00000052c0800000,0x00000052c0900000)]
  0x00000226f6a5f000 JavaThread "Unconstrained build operations Thread 36" [_thread_blocked, id=22204, stack(0x00000052c0900000,0x00000052c0a00000)]
  0x00000226f6a5b000 JavaThread "Unconstrained build operations Thread 37" [_thread_blocked, id=18392, stack(0x00000052c0a00000,0x00000052c0b00000)]
  0x00000226f6a61800 JavaThread "Unconstrained build operations Thread 38" [_thread_blocked, id=23268, stack(0x00000052c0b00000,0x00000052c0c00000)]
  0x00000226f6a5c800 JavaThread "Unconstrained build operations Thread 39" [_thread_blocked, id=8908, stack(0x00000052c0c00000,0x00000052c0d00000)]
  0x00000226f6a5b800 JavaThread "Unconstrained build operations Thread 40" [_thread_blocked, id=13944, stack(0x00000052c0d00000,0x00000052c0e00000)]
  0x00000226f6a63000 JavaThread "Build operations" [_thread_blocked, id=17992, stack(0x00000052c0e00000,0x00000052c0f00000)]
  0x00000226f6a63800 JavaThread "Build operations Thread 2" [_thread_blocked, id=14804, stack(0x00000052c0f00000,0x00000052c1000000)]
  0x00000226f6a62000 JavaThread "Build operations Thread 3" [_thread_blocked, id=25580, stack(0x00000052c1100000,0x00000052c1200000)]
  0x00000226f6a64800 JavaThread "Build operations Thread 4" [_thread_blocked, id=23572, stack(0x00000052c1200000,0x00000052c1300000)]
  0x00000226f6a66000 JavaThread "Dispatch org.gradle.api.internal.tasks.testing.results.AttachParentTestResultProcessor@5fdd9494" [_thread_blocked, id=6888, stack(0x00000052c1300000,0x00000052c1400000)]
  0x00000226f6a65800 JavaThread "Dispatch org.gradle.api.internal.tasks.testing.processors.RestartEveryNTestClassProcessor@24d89e3f" [_thread_blocked, id=10868, stack(0x00000052c1400000,0x00000052c1500000)]
  0x00000226f6a67000 JavaThread "Incoming local TCP Connector on port 50592" [_thread_blocked, id=19996, stack(0x00000052c1500000,0x00000052c1600000)]
  0x00000226f6830000 JavaThread "Exec process Thread 22" [_thread_in_native, id=13232, stack(0x00000052c1600000,0x00000052c1700000)]
  0x00000226f6831000 JavaThread "Exec process Thread 23" [_thread_blocked, id=25272, stack(0x00000052c1800000,0x00000052c1900000)]
  0x00000226f6831800 JavaThread "Exec process Thread 24" [_thread_in_native, id=26980, stack(0x00000052c1900000,0x00000052c1a00000)]
  0x00000226f6833000 JavaThread "Exec process Thread 25" [_thread_in_native, id=1168, stack(0x00000052c1a00000,0x00000052c1b00000)]
  0x00000226f6832800 JavaThread "/127.0.0.1:50592 to /127.0.0.1:50595 workers" [_thread_blocked, id=27556, stack(0x00000052c1700000,0x00000052c1800000)]
  0x00000226f6835000 JavaThread "/127.0.0.1:50592 to /127.0.0.1:50595 workers Thread 2" [_thread_blocked, id=23656, stack(0x00000052c1b00000,0x00000052c1c00000)]
  0x00000226f6834000 JavaThread "/127.0.0.1:50592 to /127.0.0.1:50595 workers Thread 3" [_thread_blocked, id=25484, stack(0x00000052c1c00000,0x00000052c1d00000)]
  0x00000226f682f000 JavaThread "/127.0.0.1:50592 to /127.0.0.1:50595 workers Thread 4" [_thread_in_native, id=3536, stack(0x00000052c1d00000,0x00000052c1e00000)]

Other Threads:
  0x00000226f4bb3800 VMThread "VM Thread" [stack: 0x00000052bb900000,0x00000052bba00000] [id=24892]
  0x00000226f56d9000 WatcherThread [stack: 0x00000052bc300000,0x00000052bc400000] [id=27388]
  0x00000226e8c8b000 GCTaskThread "GC Thread#0" [stack: 0x00000052bb400000,0x00000052bb500000] [id=16776]
  0x00000226f58dd800 GCTaskThread "GC Thread#1" [stack: 0x00000052bc400000,0x00000052bc500000] [id=26164]
  0x00000226f5918000 GCTaskThread "GC Thread#2" [stack: 0x00000052bc500000,0x00000052bc600000] [id=22736]
  0x00000226f5903800 GCTaskThread "GC Thread#3" [stack: 0x00000052bc600000,0x00000052bc700000] [id=26524]
  0x00000226e8c9b000 ConcurrentGCThread "G1 Main Marker" [stack: 0x00000052bb500000,0x00000052bb600000] [id=21584]
  0x00000226e8c9d000 ConcurrentGCThread "G1 Conc#0" [stack: 0x00000052bb600000,0x00000052bb700000] [id=10948]
  0x00000226e8d4d800 ConcurrentGCThread "G1 Refine#0" [stack: 0x00000052bb700000,0x00000052bb800000] [id=12056]
  0x00000226f4a50800 ConcurrentGCThread "G1 Young RemSet Sampling" [stack: 0x00000052bb800000,0x00000052bb900000] [id=17400]

Threads with active compile tasks:
C2 CompilerThread0  2306338 13363       4       org.gradle.launcher.daemon.server.health.gc.GarbageCollectionCheck::run (198 bytes)

VM state:not at safepoint (normal execution)

VM Mutex/Monitor currently owned by a thread: None

Heap address: 0x00000000e0000000, size: 512 MB, Compressed Oops mode: 32-bit
Narrow klass base: 0x0000000000000000, Narrow klass shift: 3
Compressed class space size: 260046848 Address: 0x0000000100000000

Heap:
 garbage-first heap   total 262144K, used 57687K [0x00000000e0000000, 0x0000000100000000)
  region size 1024K, 11 young (11264K), 6 survivors (6144K)
 Metaspace       used 82005K, capacity 85271K, committed 85712K, reserved 329728K
  class space    used 10156K, capacity 11170K, committed 11340K, reserved 253952K
Heap Regions: E=young(eden), S=young(survivor), O=old, HS=humongous(starts), HC=humongous(continues), CS=collection set, F=free, A=archive, TAMS=top-at-mark-start (previous, next)
|   0|0x00000000e0000000, 0x00000000e0100000, 0x00000000e0100000|100%|HS|  |TAMS 0x00000000e0100000, 0x00000000e0000000| Complete 
|   1|0x00000000e0100000, 0x00000000e0200000, 0x00000000e0200000|100%|HC|  |TAMS 0x00000000e0200000, 0x00000000e0100000| Complete 
|   2|0x00000000e0200000, 0x00000000e0300000, 0x00000000e0300000|100%|HC|  |TAMS 0x00000000e0300000, 0x00000000e0200000| Complete 
|   3|0x00000000e0300000, 0x00000000e0400000, 0x00000000e0400000|100%| O|  |TAMS 0x00000000e0400000, 0x00000000e0300000| Untracked 
|   4|0x00000000e0400000, 0x00000000e0500000, 0x00000000e0500000|100%| O|  |TAMS 0x00000000e0500000, 0x00000000e0400000| Untracked 
|   5|0x00000000e0500000, 0x00000000e0600000, 0x00000000e0600000|100%| O|  |TAMS 0x00000000e0600000, 0x00000000e0500000| Untracked 
|   6|0x00000000e0600000, 0x00000000e0700000, 0x00000000e0700000|100%| O|  |TAMS 0x00000000e0700000, 0x00000000e0600000| Untracked 
|   7|0x00000000e0700000, 0x00000000e0800000, 0x00000000e0800000|100%| O|  |TAMS 0x00000000e0800000, 0x00000000e0700000| Untracked 
|   8|0x00000000e0800000, 0x00000000e0900000, 0x00000000e0900000|100%| O|  |TAMS 0x00000000e0900000, 0x00000000e0800000| Untracked 
|   9|0x00000000e0900000, 0x00000000e0a00000, 0x00000000e0a00000|100%| O|  |TAMS 0x00000000e0a00000, 0x00000000e0900000| Untracked 
|  10|0x00000000e0a00000, 0x00000000e0b00000, 0x00000000e0b00000|100%| O|  |TAMS 0x00000000e0b00000, 0x00000000e0a00000| Untracked 
|  11|0x00000000e0b00000, 0x00000000e0c00000, 0x00000000e0c00000|100%| O|  |TAMS 0x00000000e0c00000, 0x00000000e0b00000| Untracked 
|  12|0x00000000e0c00000, 0x00000000e0d00000, 0x00000000e0d00000|100%| O|  |TAMS 0x00000000e0d00000, 0x00000000e0c00000| Untracked 
|  13|0x00000000e0d00000, 0x00000000e0e00000, 0x00000000e0e00000|100%| O|  |TAMS 0x00000000e0e00000, 0x00000000e0d00000| Untracked 
|  14|0x00000000e0e00000, 0x00000000e0f00000, 0x00000000e0f00000|100%| O|  |TAMS 0x00000000e0f00000, 0x00000000e0e00000| Untracked 
|  15|0x00000000e0f00000, 0x00000000e1000000, 0x00000000e1000000|100%| O|  |TAMS 0x00000000e1000000, 0x00000000e0f00000| Untracked 
|  16|0x00000000e1000000, 0x00000000e1100000, 0x00000000e1100000|100%| O|  |TAMS 0x00000000e1100000, 0x00000000e1000000| Untracked 
|  17|0x00000000e1100000, 0x00000000e1200000, 0x00000000e1200000|100%| O|  |TAMS 0x00000000e1200000, 0x00000000e1100000| Untracked 
|  18|0x00000000e1200000, 0x00000000e1300000, 0x00000000e1300000|100%| O|  |TAMS 0x00000000e1300000, 0x00000000e1200000| Untracked 
|  19|0x00000000e1300000, 0x00000000e1400000, 0x00000000e1400000|100%| O|  |TAMS 0x00000000e1400000, 0x00000000e1300000| Untracked 
|  20|0x00000000e1400000, 0x00000000e1500000, 0x00000000e1500000|100%| O|  |TAMS 0x00000000e1500000, 0x00000000e1400000| Untracked 
|  21|0x00000000e1500000, 0x00000000e1600000, 0x00000000e1600000|100%| O|  |TAMS 0x00000000e1600000, 0x00000000e1500000| Untracked 
|  22|0x00000000e1600000, 0x00000000e1700000, 0x00000000e1700000|100%| O|  |TAMS 0x00000000e1700000, 0x00000000e1600000| Untracked 
|  23|0x00000000e1700000, 0x00000000e1800000, 0x00000000e1800000|100%| O|  |TAMS 0x00000000e1800000, 0x00000000e1700000| Untracked 
|  24|0x00000000e1800000, 0x00000000e1900000, 0x00000000e1900000|100%| O|  |TAMS 0x00000000e1900000, 0x00000000e1800000| Untracked 
|  25|0x00000000e1900000, 0x00000000e1a00000, 0x00000000e1a00000|100%| O|  |TAMS 0x00000000e1a00000, 0x00000000e1900000| Untracked 
|  26|0x00000000e1a00000, 0x00000000e1b00000, 0x00000000e1b00000|100%| O|  |TAMS 0x00000000e1b00000, 0x00000000e1a00000| Untracked 
|  27|0x00000000e1b00000, 0x00000000e1c00000, 0x00000000e1c00000|100%| O|  |TAMS 0x00000000e1c00000, 0x00000000e1b00000| Untracked 
|  28|0x00000000e1c00000, 0x00000000e1d00000, 0x00000000e1d00000|100%| O|  |TAMS 0x00000000e1d00000, 0x00000000e1c00000| Untracked 
|  29|0x00000000e1d00000, 0x00000000e1e00000, 0x00000000e1e00000|100%| O|  |TAMS 0x00000000e1e00000, 0x00000000e1d00000| Untracked 
|  30|0x00000000e1e00000, 0x00000000e1f00000, 0x00000000e1f00000|100%| O|  |TAMS 0x00000000e1f00000, 0x00000000e1e00000| Untracked 
|  31|0x00000000e1f00000, 0x00000000e2000000, 0x00000000e2000000|100%| O|  |TAMS 0x00000000e2000000, 0x00000000e1f00000| Untracked 
|  32|0x00000000e2000000, 0x00000000e2100000, 0x00000000e2100000|100%| O|  |TAMS 0x00000000e2100000, 0x00000000e2000000| Untracked 
|  33|0x00000000e2100000, 0x00000000e2200000, 0x00000000e2200000|100%| O|  |TAMS 0x00000000e2200000, 0x00000000e2100000| Untracked 
|  34|0x00000000e2200000, 0x00000000e2300000, 0x00000000e2300000|100%| O|  |TAMS 0x00000000e2300000, 0x00000000e2200000| Untracked 
|  35|0x00000000e2300000, 0x00000000e2400000, 0x00000000e2400000|100%| O|  |TAMS 0x00000000e2400000, 0x00000000e2300000| Untracked 
|  36|0x00000000e2400000, 0x00000000e2500000, 0x00000000e2500000|100%| O|  |TAMS 0x00000000e2500000, 0x00000000e2400000| Untracked 
|  37|0x00000000e2500000, 0x00000000e2600000, 0x00000000e2600000|100%| O|  |TAMS 0x00000000e2600000, 0x00000000e2500000| Untracked 
|  38|0x00000000e2600000, 0x00000000e2700000, 0x00000000e2700000|100%| O|  |TAMS 0x00000000e2700000, 0x00000000e2600000| Untracked 
|  39|0x00000000e2700000, 0x00000000e2800000, 0x00000000e2800000|100%| O|  |TAMS 0x00000000e2800000, 0x00000000e2700000| Untracked 
|  40|0x00000000e2800000, 0x00000000e2900000, 0x00000000e2900000|100%| O|  |TAMS 0x00000000e2900000, 0x00000000e2800000| Untracked 
|  41|0x00000000e2900000, 0x00000000e2a00000, 0x00000000e2a00000|100%| O|  |TAMS 0x00000000e2a00000, 0x00000000e2900000| Untracked 
|  42|0x00000000e2a00000, 0x00000000e2b00000, 0x00000000e2b00000|100%| O|  |TAMS 0x00000000e2b00000, 0x00000000e2a00000| Untracked 
|  43|0x00000000e2b00000, 0x00000000e2c00000, 0x00000000e2c00000|100%| O|  |TAMS 0x00000000e2c00000, 0x00000000e2b00000| Untracked 
|  44|0x00000000e2c00000, 0x00000000e2d00000, 0x00000000e2d00000|100%| O|  |TAMS 0x00000000e2d00000, 0x00000000e2c00000| Untracked 
|  45|0x00000000e2d00000, 0x00000000e2e00000, 0x00000000e2e00000|100%| O|  |TAMS 0x00000000e2e00000, 0x00000000e2d00000| Untracked 
|  46|0x00000000e2e00000, 0x00000000e2f00000, 0x00000000e2f00000|100%| O|  |TAMS 0x00000000e2f00000, 0x00000000e2e00000| Untracked 
|  47|0x00000000e2f00000, 0x00000000e2f00000, 0x00000000e3000000|  0%| F|  |TAMS 0x00000000e2f00000, 0x00000000e2f00000| Untracked 
|  48|0x00000000e3000000, 0x00000000e3000000, 0x00000000e3100000|  0%| F|  |TAMS 0x00000000e3000000, 0x00000000e3000000| Untracked 
|  49|0x00000000e3100000, 0x00000000e3100000, 0x00000000e3200000|  0%| F|  |TAMS 0x00000000e3100000, 0x00000000e3100000| Untracked 
|  50|0x00000000e3200000, 0x00000000e3200000, 0x00000000e3300000|  0%| F|  |TAMS 0x00000000e3200000, 0x00000000e3200000| Untracked 
|  51|0x00000000e3300000, 0x00000000e3300000, 0x00000000e3400000|  0%| F|  |TAMS 0x00000000e3300000, 0x00000000e3300000| Untracked 
|  52|0x00000000e3400000, 0x00000000e3400000, 0x00000000e3500000|  0%| F|  |TAMS 0x00000000e3400000, 0x00000000e3400000| Untracked 
|  53|0x00000000e3500000, 0x00000000e3500000, 0x00000000e3600000|  0%| F|  |TAMS 0x00000000e3500000, 0x00000000e3500000| Untracked 
|  54|0x00000000e3600000, 0x00000000e3600000, 0x00000000e3700000|  0%| F|  |TAMS 0x00000000e3600000, 0x00000000e3600000| Untracked 
|  55|0x00000000e3700000, 0x00000000e3700000, 0x00000000e3800000|  0%| F|  |TAMS 0x00000000e3700000, 0x00000000e3700000| Untracked 
|  56|0x00000000e3800000, 0x00000000e3800000, 0x00000000e3900000|  0%| F|  |TAMS 0x00000000e3800000, 0x00000000e3800000| Untracked 
|  57|0x00000000e3900000, 0x00000000e3900000, 0x00000000e3a00000|  0%| F|  |TAMS 0x00000000e3900000, 0x00000000e3900000| Untracked 
|  58|0x00000000e3a00000, 0x00000000e3a00000, 0x00000000e3b00000|  0%| F|  |TAMS 0x00000000e3a00000, 0x00000000e3a00000| Untracked 
|  59|0x00000000e3b00000, 0x00000000e3b00000, 0x00000000e3c00000|  0%| F|  |TAMS 0x00000000e3b00000, 0x00000000e3b00000| Untracked 
|  60|0x00000000e3c00000, 0x00000000e3c00000, 0x00000000e3d00000|  0%| F|  |TAMS 0x00000000e3c00000, 0x00000000e3c00000| Untracked 
|  61|0x00000000e3d00000, 0x00000000e3d00000, 0x00000000e3e00000|  0%| F|  |TAMS 0x00000000e3d00000, 0x00000000e3d00000| Untracked 
|  62|0x00000000e3e00000, 0x00000000e3e00000, 0x00000000e3f00000|  0%| F|  |TAMS 0x00000000e3e00000, 0x00000000e3e00000| Untracked 
|  63|0x00000000e3f00000, 0x00000000e3f00000, 0x00000000e4000000|  0%| F|  |TAMS 0x00000000e3f00000, 0x00000000e3f00000| Untracked 
|  64|0x00000000e4000000, 0x00000000e4000000, 0x00000000e4100000|  0%| F|  |TAMS 0x00000000e4000000, 0x00000000e4000000| Untracked 
|  65|0x00000000e4100000, 0x00000000e4100000, 0x00000000e4200000|  0%| F|  |TAMS 0x00000000e4100000, 0x00000000e4100000| Untracked 
|  66|0x00000000e4200000, 0x00000000e4200000, 0x00000000e4300000|  0%| F|  |TAMS 0x00000000e4200000, 0x00000000e4200000| Untracked 
|  67|0x00000000e4300000, 0x00000000e4300000, 0x00000000e4400000|  0%| F|  |TAMS 0x00000000e4300000, 0x00000000e4300000| Untracked 
|  68|0x00000000e4400000, 0x00000000e4400000, 0x00000000e4500000|  0%| F|  |TAMS 0x00000000e4400000, 0x00000000e4400000| Untracked 
|  69|0x00000000e4500000, 0x00000000e4500000, 0x00000000e4600000|  0%| F|  |TAMS 0x00000000e4500000, 0x00000000e4500000| Untracked 
|  70|0x00000000e4600000, 0x00000000e4600000, 0x00000000e4700000|  0%| F|  |TAMS 0x00000000e4600000, 0x00000000e4600000| Untracked 
|  71|0x00000000e4700000, 0x00000000e4700000, 0x00000000e4800000|  0%| F|  |TAMS 0x00000000e4700000, 0x00000000e4700000| Untracked 
|  72|0x00000000e4800000, 0x00000000e4800000, 0x00000000e4900000|  0%| F|  |TAMS 0x00000000e4800000, 0x00000000e4800000| Untracked 
|  73|0x00000000e4900000, 0x00000000e4900000, 0x00000000e4a00000|  0%| F|  |TAMS 0x00000000e4900000, 0x00000000e4900000| Untracked 
|  74|0x00000000e4a00000, 0x00000000e4a00000, 0x00000000e4b00000|  0%| F|  |TAMS 0x00000000e4a00000, 0x00000000e4a00000| Untracked 
|  75|0x00000000e4b00000, 0x00000000e4b00000, 0x00000000e4c00000|  0%| F|  |TAMS 0x00000000e4b00000, 0x00000000e4b00000| Untracked 
|  76|0x00000000e4c00000, 0x00000000e4c00000, 0x00000000e4d00000|  0%| F|  |TAMS 0x00000000e4c00000, 0x00000000e4c00000| Untracked 
|  77|0x00000000e4d00000, 0x00000000e4d00000, 0x00000000e4e00000|  0%| F|  |TAMS 0x00000000e4d00000, 0x00000000e4d00000| Untracked 
|  78|0x00000000e4e00000, 0x00000000e4e00000, 0x00000000e4f00000|  0%| F|  |TAMS 0x00000000e4e00000, 0x00000000e4e00000| Untracked 
|  79|0x00000000e4f00000, 0x00000000e4f00000, 0x00000000e5000000|  0%| F|  |TAMS 0x00000000e4f00000, 0x00000000e4f00000| Untracked 
|  80|0x00000000e5000000, 0x00000000e5000000, 0x00000000e5100000|  0%| F|  |TAMS 0x00000000e5000000, 0x00000000e5000000| Untracked 
|  81|0x00000000e5100000, 0x00000000e5100000, 0x00000000e5200000|  0%| F|  |TAMS 0x00000000e5100000, 0x00000000e5100000| Untracked 
|  82|0x00000000e5200000, 0x00000000e5200000, 0x00000000e5300000|  0%| F|  |TAMS 0x00000000e5200000, 0x00000000e5200000| Untracked 
|  83|0x00000000e5300000, 0x00000000e5300000, 0x00000000e5400000|  0%| F|  |TAMS 0x00000000e5300000, 0x00000000e5300000| Untracked 
|  84|0x00000000e5400000, 0x00000000e5400000, 0x00000000e5500000|  0%| F|  |TAMS 0x00000000e5400000, 0x00000000e5400000| Untracked 
|  85|0x00000000e5500000, 0x00000000e5500000, 0x00000000e5600000|  0%| F|  |TAMS 0x00000000e5500000, 0x00000000e5500000| Untracked 
|  86|0x00000000e5600000, 0x00000000e5600000, 0x00000000e5700000|  0%| F|  |TAMS 0x00000000e5600000, 0x00000000e5600000| Untracked 
|  87|0x00000000e5700000, 0x00000000e5700000, 0x00000000e5800000|  0%| F|  |TAMS 0x00000000e5700000, 0x00000000e5700000| Untracked 
|  88|0x00000000e5800000, 0x00000000e5800000, 0x00000000e5900000|  0%| F|  |TAMS 0x00000000e5800000, 0x00000000e5800000| Untracked 
|  89|0x00000000e5900000, 0x00000000e5900000, 0x00000000e5a00000|  0%| F|  |TAMS 0x00000000e5900000, 0x00000000e5900000| Untracked 
|  90|0x00000000e5a00000, 0x00000000e5a00000, 0x00000000e5b00000|  0%| F|  |TAMS 0x00000000e5a00000, 0x00000000e5a00000| Untracked 
|  91|0x00000000e5b00000, 0x00000000e5b00000, 0x00000000e5c00000|  0%| F|  |TAMS 0x00000000e5b00000, 0x00000000e5b00000| Untracked 
|  92|0x00000000e5c00000, 0x00000000e5c00000, 0x00000000e5d00000|  0%| F|  |TAMS 0x00000000e5c00000, 0x00000000e5c00000| Untracked 
|  93|0x00000000e5d00000, 0x00000000e5d00000, 0x00000000e5e00000|  0%| F|  |TAMS 0x00000000e5d00000, 0x00000000e5d00000| Untracked 
|  94|0x00000000e5e00000, 0x00000000e5e00000, 0x00000000e5f00000|  0%| F|  |TAMS 0x00000000e5e00000, 0x00000000e5e00000| Untracked 
|  95|0x00000000e5f00000, 0x00000000e5f00000, 0x00000000e6000000|  0%| F|  |TAMS 0x00000000e5f00000, 0x00000000e5f00000| Untracked 
|  96|0x00000000e6000000, 0x00000000e6000000, 0x00000000e6100000|  0%| F|  |TAMS 0x00000000e6000000, 0x00000000e6000000| Untracked 
|  97|0x00000000e6100000, 0x00000000e6155cb8, 0x00000000e6200000| 33%| S|CS|TAMS 0x00000000e6100000, 0x00000000e6100000| Complete 
|  98|0x00000000e6200000, 0x00000000e6300000, 0x00000000e6300000|100%| S|CS|TAMS 0x00000000e6200000, 0x00000000e6200000| Complete 
|  99|0x00000000e6300000, 0x00000000e6400000, 0x00000000e6400000|100%| S|CS|TAMS 0x00000000e6300000, 0x00000000e6300000| Complete 
| 100|0x00000000e6400000, 0x00000000e6500000, 0x00000000e6500000|100%| S|CS|TAMS 0x00000000e6400000, 0x00000000e6400000| Complete 
| 101|0x00000000e6500000, 0x00000000e6600000, 0x00000000e6600000|100%| S|CS|TAMS 0x00000000e6500000, 0x00000000e6500000| Complete 
| 102|0x00000000e6600000, 0x00000000e6700000, 0x00000000e6700000|100%| S|CS|TAMS 0x00000000e6600000, 0x00000000e6600000| Complete 
| 103|0x00000000e6700000, 0x00000000e6700000, 0x00000000e6800000|  0%| F|  |TAMS 0x00000000e6700000, 0x00000000e6700000| Untracked 
| 104|0x00000000e6800000, 0x00000000e6800000, 0x00000000e6900000|  0%| F|  |TAMS 0x00000000e6800000, 0x00000000e6800000| Untracked 
| 105|0x00000000e6900000, 0x00000000e6900000, 0x00000000e6a00000|  0%| F|  |TAMS 0x00000000e6900000, 0x00000000e6900000| Untracked 
| 106|0x00000000e6a00000, 0x00000000e6a00000, 0x00000000e6b00000|  0%| F|  |TAMS 0x00000000e6a00000, 0x00000000e6a00000| Untracked 
| 107|0x00000000e6b00000, 0x00000000e6b00000, 0x00000000e6c00000|  0%| F|  |TAMS 0x00000000e6b00000, 0x00000000e6b00000| Untracked 
| 108|0x00000000e6c00000, 0x00000000e6c00000, 0x00000000e6d00000|  0%| F|  |TAMS 0x00000000e6c00000, 0x00000000e6c00000| Untracked 
| 109|0x00000000e6d00000, 0x00000000e6d00000, 0x00000000e6e00000|  0%| F|  |TAMS 0x00000000e6d00000, 0x00000000e6d00000| Untracked 
| 110|0x00000000e6e00000, 0x00000000e6e00000, 0x00000000e6f00000|  0%| F|  |TAMS 0x00000000e6e00000, 0x00000000e6e00000| Untracked 
| 111|0x00000000e6f00000, 0x00000000e6f00000, 0x00000000e7000000|  0%| F|  |TAMS 0x00000000e6f00000, 0x00000000e6f00000| Untracked 
| 112|0x00000000e7000000, 0x00000000e7000000, 0x00000000e7100000|  0%| F|  |TAMS 0x00000000e7000000, 0x00000000e7000000| Untracked 
| 113|0x00000000e7100000, 0x00000000e7100000, 0x00000000e7200000|  0%| F|  |TAMS 0x00000000e7100000, 0x00000000e7100000| Untracked 
| 114|0x00000000e7200000, 0x00000000e7200000, 0x00000000e7300000|  0%| F|  |TAMS 0x00000000e7200000, 0x00000000e7200000| Untracked 
| 115|0x00000000e7300000, 0x00000000e7300000, 0x00000000e7400000|  0%| F|  |TAMS 0x00000000e7300000, 0x00000000e7300000| Untracked 
| 116|0x00000000e7400000, 0x00000000e7400000, 0x00000000e7500000|  0%| F|  |TAMS 0x00000000e7400000, 0x00000000e7400000| Untracked 
| 117|0x00000000e7500000, 0x00000000e7500000, 0x00000000e7600000|  0%| F|  |TAMS 0x00000000e7500000, 0x00000000e7500000| Untracked 
| 118|0x00000000e7600000, 0x00000000e7600000, 0x00000000e7700000|  0%| F|  |TAMS 0x00000000e7600000, 0x00000000e7600000| Untracked 
| 119|0x00000000e7700000, 0x00000000e7700000, 0x00000000e7800000|  0%| F|  |TAMS 0x00000000e7700000, 0x00000000e7700000| Untracked 
| 120|0x00000000e7800000, 0x00000000e7800000, 0x00000000e7900000|  0%| F|  |TAMS 0x00000000e7800000, 0x00000000e7800000| Untracked 
| 121|0x00000000e7900000, 0x00000000e7900000, 0x00000000e7a00000|  0%| F|  |TAMS 0x00000000e7900000, 0x00000000e7900000| Untracked 
| 122|0x00000000e7a00000, 0x00000000e7a00000, 0x00000000e7b00000|  0%| F|  |TAMS 0x00000000e7a00000, 0x00000000e7a00000| Untracked 
| 123|0x00000000e7b00000, 0x00000000e7b00000, 0x00000000e7c00000|  0%| F|  |TAMS 0x00000000e7b00000, 0x00000000e7b00000| Untracked 
| 124|0x00000000e7c00000, 0x00000000e7c00000, 0x00000000e7d00000|  0%| F|  |TAMS 0x00000000e7c00000, 0x00000000e7c00000| Untracked 
| 125|0x00000000e7d00000, 0x00000000e7d00000, 0x00000000e7e00000|  0%| F|  |TAMS 0x00000000e7d00000, 0x00000000e7d00000| Untracked 
| 126|0x00000000e7e00000, 0x00000000e7e00000, 0x00000000e7f00000|  0%| F|  |TAMS 0x00000000e7e00000, 0x00000000e7e00000| Untracked 
| 127|0x00000000e7f00000, 0x00000000e7f00000, 0x00000000e8000000|  0%| F|  |TAMS 0x00000000e7f00000, 0x00000000e7f00000| Untracked 
| 128|0x00000000e8000000, 0x00000000e8000000, 0x00000000e8100000|  0%| F|  |TAMS 0x00000000e8000000, 0x00000000e8000000| Untracked 
| 129|0x00000000e8100000, 0x00000000e8100000, 0x00000000e8200000|  0%| F|  |TAMS 0x00000000e8100000, 0x00000000e8100000| Untracked 
| 130|0x00000000e8200000, 0x00000000e8200000, 0x00000000e8300000|  0%| F|  |TAMS 0x00000000e8200000, 0x00000000e8200000| Untracked 
| 131|0x00000000e8300000, 0x00000000e8300000, 0x00000000e8400000|  0%| F|  |TAMS 0x00000000e8300000, 0x00000000e8300000| Untracked 
| 132|0x00000000e8400000, 0x00000000e8400000, 0x00000000e8500000|  0%| F|  |TAMS 0x00000000e8400000, 0x00000000e8400000| Untracked 
| 133|0x00000000e8500000, 0x00000000e8500000, 0x00000000e8600000|  0%| F|  |TAMS 0x00000000e8500000, 0x00000000e8500000| Untracked 
| 134|0x00000000e8600000, 0x00000000e8600000, 0x00000000e8700000|  0%| F|  |TAMS 0x00000000e8600000, 0x00000000e8600000| Untracked 
| 135|0x00000000e8700000, 0x00000000e8700000, 0x00000000e8800000|  0%| F|  |TAMS 0x00000000e8700000, 0x00000000e8700000| Untracked 
| 136|0x00000000e8800000, 0x00000000e8800000, 0x00000000e8900000|  0%| F|  |TAMS 0x00000000e8800000, 0x00000000e8800000| Untracked 
| 137|0x00000000e8900000, 0x00000000e8900000, 0x00000000e8a00000|  0%| F|  |TAMS 0x00000000e8900000, 0x00000000e8900000| Untracked 
| 138|0x00000000e8a00000, 0x00000000e8a00000, 0x00000000e8b00000|  0%| F|  |TAMS 0x00000000e8a00000, 0x00000000e8a00000| Untracked 
| 139|0x00000000e8b00000, 0x00000000e8b00000, 0x00000000e8c00000|  0%| F|  |TAMS 0x00000000e8b00000, 0x00000000e8b00000| Untracked 
| 140|0x00000000e8c00000, 0x00000000e8c00000, 0x00000000e8d00000|  0%| F|  |TAMS 0x00000000e8c00000, 0x00000000e8c00000| Untracked 
| 141|0x00000000e8d00000, 0x00000000e8d00000, 0x00000000e8e00000|  0%| F|  |TAMS 0x00000000e8d00000, 0x00000000e8d00000| Untracked 
| 142|0x00000000e8e00000, 0x00000000e8e00000, 0x00000000e8f00000|  0%| F|  |TAMS 0x00000000e8e00000, 0x00000000e8e00000| Untracked 
| 143|0x00000000e8f00000, 0x00000000e8f00000, 0x00000000e9000000|  0%| F|  |TAMS 0x00000000e8f00000, 0x00000000e8f00000| Untracked 
| 144|0x00000000e9000000, 0x00000000e9000000, 0x00000000e9100000|  0%| F|  |TAMS 0x00000000e9000000, 0x00000000e9000000| Untracked 
| 145|0x00000000e9100000, 0x00000000e9100000, 0x00000000e9200000|  0%| F|  |TAMS 0x00000000e9100000, 0x00000000e9100000| Untracked 
| 146|0x00000000e9200000, 0x00000000e9200000, 0x00000000e9300000|  0%| F|  |TAMS 0x00000000e9200000, 0x00000000e9200000| Untracked 
| 147|0x00000000e9300000, 0x00000000e9300000, 0x00000000e9400000|  0%| F|  |TAMS 0x00000000e9300000, 0x00000000e9300000| Untracked 
| 148|0x00000000e9400000, 0x00000000e9400000, 0x00000000e9500000|  0%| F|  |TAMS 0x00000000e9400000, 0x00000000e9400000| Untracked 
| 149|0x00000000e9500000, 0x00000000e9500000, 0x00000000e9600000|  0%| F|  |TAMS 0x00000000e9500000, 0x00000000e9500000| Untracked 
| 150|0x00000000e9600000, 0x00000000e9600000, 0x00000000e9700000|  0%| F|  |TAMS 0x00000000e9600000, 0x00000000e9600000| Untracked 
| 151|0x00000000e9700000, 0x00000000e9700000, 0x00000000e9800000|  0%| F|  |TAMS 0x00000000e9700000, 0x00000000e9700000| Untracked 
| 152|0x00000000e9800000, 0x00000000e9800000, 0x00000000e9900000|  0%| F|  |TAMS 0x00000000e9800000, 0x00000000e9800000| Untracked 
| 153|0x00000000e9900000, 0x00000000e9900000, 0x00000000e9a00000|  0%| F|  |TAMS 0x00000000e9900000, 0x00000000e9900000| Untracked 
| 154|0x00000000e9a00000, 0x00000000e9a00000, 0x00000000e9b00000|  0%| F|  |TAMS 0x00000000e9a00000, 0x00000000e9a00000| Untracked 
| 155|0x00000000e9b00000, 0x00000000e9b00000, 0x00000000e9c00000|  0%| F|  |TAMS 0x00000000e9b00000, 0x00000000e9b00000| Untracked 
| 156|0x00000000e9c00000, 0x00000000e9c00000, 0x00000000e9d00000|  0%| F|  |TAMS 0x00000000e9c00000, 0x00000000e9c00000| Untracked 
| 157|0x00000000e9d00000, 0x00000000e9d00000, 0x00000000e9e00000|  0%| F|  |TAMS 0x00000000e9d00000, 0x00000000e9d00000| Untracked 
| 158|0x00000000e9e00000, 0x00000000e9e00000, 0x00000000e9f00000|  0%| F|  |TAMS 0x00000000e9e00000, 0x00000000e9e00000| Untracked 
| 159|0x00000000e9f00000, 0x00000000e9f00000, 0x00000000ea000000|  0%| F|  |TAMS 0x00000000e9f00000, 0x00000000e9f00000| Untracked 
| 160|0x00000000ea000000, 0x00000000ea000000, 0x00000000ea100000|  0%| F|  |TAMS 0x00000000ea000000, 0x00000000ea000000| Untracked 
| 161|0x00000000ea100000, 0x00000000ea100000, 0x00000000ea200000|  0%| F|  |TAMS 0x00000000ea100000, 0x00000000ea100000| Untracked 
| 162|0x00000000ea200000, 0x00000000ea200000, 0x00000000ea300000|  0%| F|  |TAMS 0x00000000ea200000, 0x00000000ea200000| Untracked 
| 163|0x00000000ea300000, 0x00000000ea300000, 0x00000000ea400000|  0%| F|  |TAMS 0x00000000ea300000, 0x00000000ea300000| Untracked 
| 164|0x00000000ea400000, 0x00000000ea400000, 0x00000000ea500000|  0%| F|  |TAMS 0x00000000ea400000, 0x00000000ea400000| Untracked 
| 165|0x00000000ea500000, 0x00000000ea500000, 0x00000000ea600000|  0%| F|  |TAMS 0x00000000ea500000, 0x00000000ea500000| Untracked 
| 166|0x00000000ea600000, 0x00000000ea600000, 0x00000000ea700000|  0%| F|  |TAMS 0x00000000ea600000, 0x00000000ea600000| Untracked 
| 167|0x00000000ea700000, 0x00000000ea700000, 0x00000000ea800000|  0%| F|  |TAMS 0x00000000ea700000, 0x00000000ea700000| Untracked 
| 168|0x00000000ea800000, 0x00000000ea800000, 0x00000000ea900000|  0%| F|  |TAMS 0x00000000ea800000, 0x00000000ea800000| Untracked 
| 169|0x00000000ea900000, 0x00000000ea900000, 0x00000000eaa00000|  0%| F|  |TAMS 0x00000000ea900000, 0x00000000ea900000| Untracked 
| 170|0x00000000eaa00000, 0x00000000eaa00000, 0x00000000eab00000|  0%| F|  |TAMS 0x00000000eaa00000, 0x00000000eaa00000| Untracked 
| 171|0x00000000eab00000, 0x00000000eab00000, 0x00000000eac00000|  0%| F|  |TAMS 0x00000000eab00000, 0x00000000eab00000| Untracked 
| 172|0x00000000eac00000, 0x00000000eac00000, 0x00000000ead00000|  0%| F|  |TAMS 0x00000000eac00000, 0x00000000eac00000| Untracked 
| 173|0x00000000ead00000, 0x00000000ead00000, 0x00000000eae00000|  0%| F|  |TAMS 0x00000000ead00000, 0x00000000ead00000| Untracked 
| 174|0x00000000eae00000, 0x00000000eae00000, 0x00000000eaf00000|  0%| F|  |TAMS 0x00000000eae00000, 0x00000000eae00000| Untracked 
| 175|0x00000000eaf00000, 0x00000000eaf00000, 0x00000000eb000000|  0%| F|  |TAMS 0x00000000eaf00000, 0x00000000eaf00000| Untracked 
| 176|0x00000000eb000000, 0x00000000eb000000, 0x00000000eb100000|  0%| F|  |TAMS 0x00000000eb000000, 0x00000000eb000000| Untracked 
| 177|0x00000000eb100000, 0x00000000eb100000, 0x00000000eb200000|  0%| F|  |TAMS 0x00000000eb100000, 0x00000000eb100000| Untracked 
| 178|0x00000000eb200000, 0x00000000eb200000, 0x00000000eb300000|  0%| F|  |TAMS 0x00000000eb200000, 0x00000000eb200000| Untracked 
| 179|0x00000000eb300000, 0x00000000eb300000, 0x00000000eb400000|  0%| F|  |TAMS 0x00000000eb300000, 0x00000000eb300000| Untracked 
| 180|0x00000000eb400000, 0x00000000eb400000, 0x00000000eb500000|  0%| F|  |TAMS 0x00000000eb400000, 0x00000000eb400000| Untracked 
| 181|0x00000000eb500000, 0x00000000eb500000, 0x00000000eb600000|  0%| F|  |TAMS 0x00000000eb500000, 0x00000000eb500000| Untracked 
| 182|0x00000000eb600000, 0x00000000eb600000, 0x00000000eb700000|  0%| F|  |TAMS 0x00000000eb600000, 0x00000000eb600000| Untracked 
| 183|0x00000000eb700000, 0x00000000eb700000, 0x00000000eb800000|  0%| F|  |TAMS 0x00000000eb700000, 0x00000000eb700000| Untracked 
| 184|0x00000000eb800000, 0x00000000eb800000, 0x00000000eb900000|  0%| F|  |TAMS 0x00000000eb800000, 0x00000000eb800000| Untracked 
| 185|0x00000000eb900000, 0x00000000eb900000, 0x00000000eba00000|  0%| F|  |TAMS 0x00000000eb900000, 0x00000000eb900000| Untracked 
| 186|0x00000000eba00000, 0x00000000eba00000, 0x00000000ebb00000|  0%| F|  |TAMS 0x00000000eba00000, 0x00000000eba00000| Untracked 
| 187|0x00000000ebb00000, 0x00000000ebb00000, 0x00000000ebc00000|  0%| F|  |TAMS 0x00000000ebb00000, 0x00000000ebb00000| Untracked 
| 188|0x00000000ebc00000, 0x00000000ebc00000, 0x00000000ebd00000|  0%| F|  |TAMS 0x00000000ebc00000, 0x00000000ebc00000| Untracked 
| 189|0x00000000ebd00000, 0x00000000ebd00000, 0x00000000ebe00000|  0%| F|  |TAMS 0x00000000ebd00000, 0x00000000ebd00000| Untracked 
| 190|0x00000000ebe00000, 0x00000000ebe00000, 0x00000000ebf00000|  0%| F|  |TAMS 0x00000000ebe00000, 0x00000000ebe00000| Untracked 
| 191|0x00000000ebf00000, 0x00000000ebf00000, 0x00000000ec000000|  0%| F|  |TAMS 0x00000000ebf00000, 0x00000000ebf00000| Untracked 
| 192|0x00000000ec000000, 0x00000000ec000000, 0x00000000ec100000|  0%| F|  |TAMS 0x00000000ec000000, 0x00000000ec000000| Untracked 
| 193|0x00000000ec100000, 0x00000000ec100000, 0x00000000ec200000|  0%| F|  |TAMS 0x00000000ec100000, 0x00000000ec100000| Untracked 
| 194|0x00000000ec200000, 0x00000000ec200000, 0x00000000ec300000|  0%| F|  |TAMS 0x00000000ec200000, 0x00000000ec200000| Untracked 
| 195|0x00000000ec300000, 0x00000000ec300000, 0x00000000ec400000|  0%| F|  |TAMS 0x00000000ec300000, 0x00000000ec300000| Untracked 
| 196|0x00000000ec400000, 0x00000000ec400000, 0x00000000ec500000|  0%| F|  |TAMS 0x00000000ec400000, 0x00000000ec400000| Untracked 
| 197|0x00000000ec500000, 0x00000000ec500000, 0x00000000ec600000|  0%| F|  |TAMS 0x00000000ec500000, 0x00000000ec500000| Untracked 
| 198|0x00000000ec600000, 0x00000000ec600000, 0x00000000ec700000|  0%| F|  |TAMS 0x00000000ec600000, 0x00000000ec600000| Untracked 
| 199|0x00000000ec700000, 0x00000000ec700000, 0x00000000ec800000|  0%| F|  |TAMS 0x00000000ec700000, 0x00000000ec700000| Untracked 
| 200|0x00000000ec800000, 0x00000000ec800000, 0x00000000ec900000|  0%| F|  |TAMS 0x00000000ec800000, 0x00000000ec800000| Untracked 
| 201|0x00000000ec900000, 0x00000000ec900000, 0x00000000eca00000|  0%| F|  |TAMS 0x00000000ec900000, 0x00000000ec900000| Untracked 
| 202|0x00000000eca00000, 0x00000000eca00000, 0x00000000ecb00000|  0%| F|  |TAMS 0x00000000eca00000, 0x00000000eca00000| Untracked 
| 203|0x00000000ecb00000, 0x00000000ecb00000, 0x00000000ecc00000|  0%| F|  |TAMS 0x00000000ecb00000, 0x00000000ecb00000| Untracked 
| 204|0x00000000ecc00000, 0x00000000ecc00000, 0x00000000ecd00000|  0%| F|  |TAMS 0x00000000ecc00000, 0x00000000ecc00000| Untracked 
| 205|0x00000000ecd00000, 0x00000000ecd00000, 0x00000000ece00000|  0%| F|  |TAMS 0x00000000ecd00000, 0x00000000ecd00000| Untracked 
| 206|0x00000000ece00000, 0x00000000ece00000, 0x00000000ecf00000|  0%| F|  |TAMS 0x00000000ece00000, 0x00000000ece00000| Untracked 
| 207|0x00000000ecf00000, 0x00000000ecf00000, 0x00000000ed000000|  0%| F|  |TAMS 0x00000000ecf00000, 0x00000000ecf00000| Untracked 
| 208|0x00000000ed000000, 0x00000000ed000000, 0x00000000ed100000|  0%| F|  |TAMS 0x00000000ed000000, 0x00000000ed000000| Untracked 
| 209|0x00000000ed100000, 0x00000000ed100000, 0x00000000ed200000|  0%| F|  |TAMS 0x00000000ed100000, 0x00000000ed100000| Untracked 
| 210|0x00000000ed200000, 0x00000000ed200000, 0x00000000ed300000|  0%| F|  |TAMS 0x00000000ed200000, 0x00000000ed200000| Untracked 
| 211|0x00000000ed300000, 0x00000000ed300000, 0x00000000ed400000|  0%| F|  |TAMS 0x00000000ed300000, 0x00000000ed300000| Untracked 
| 212|0x00000000ed400000, 0x00000000ed400000, 0x00000000ed500000|  0%| F|  |TAMS 0x00000000ed400000, 0x00000000ed400000| Untracked 
| 213|0x00000000ed500000, 0x00000000ed500000, 0x00000000ed600000|  0%| F|  |TAMS 0x00000000ed500000, 0x00000000ed500000| Untracked 
| 214|0x00000000ed600000, 0x00000000ed600000, 0x00000000ed700000|  0%| F|  |TAMS 0x00000000ed600000, 0x00000000ed600000| Untracked 
| 215|0x00000000ed700000, 0x00000000ed700000, 0x00000000ed800000|  0%| F|  |TAMS 0x00000000ed700000, 0x00000000ed700000| Untracked 
| 216|0x00000000ed800000, 0x00000000ed800000, 0x00000000ed900000|  0%| F|  |TAMS 0x00000000ed800000, 0x00000000ed800000| Untracked 
| 217|0x00000000ed900000, 0x00000000ed900000, 0x00000000eda00000|  0%| F|  |TAMS 0x00000000ed900000, 0x00000000ed900000| Untracked 
| 218|0x00000000eda00000, 0x00000000eda00000, 0x00000000edb00000|  0%| F|  |TAMS 0x00000000eda00000, 0x00000000eda00000| Untracked 
| 219|0x00000000edb00000, 0x00000000edb00000, 0x00000000edc00000|  0%| F|  |TAMS 0x00000000edb00000, 0x00000000edb00000| Untracked 
| 220|0x00000000edc00000, 0x00000000edc00000, 0x00000000edd00000|  0%| F|  |TAMS 0x00000000edc00000, 0x00000000edc00000| Untracked 
| 221|0x00000000edd00000, 0x00000000edd00000, 0x00000000ede00000|  0%| F|  |TAMS 0x00000000edd00000, 0x00000000edd00000| Untracked 
| 222|0x00000000ede00000, 0x00000000ede00000, 0x00000000edf00000|  0%| F|  |TAMS 0x00000000ede00000, 0x00000000ede00000| Untracked 
| 223|0x00000000edf00000, 0x00000000edf00000, 0x00000000ee000000|  0%| F|  |TAMS 0x00000000edf00000, 0x00000000edf00000| Untracked 
| 224|0x00000000ee000000, 0x00000000ee000000, 0x00000000ee100000|  0%| F|  |TAMS 0x00000000ee000000, 0x00000000ee000000| Untracked 
| 225|0x00000000ee100000, 0x00000000ee100000, 0x00000000ee200000|  0%| F|  |TAMS 0x00000000ee100000, 0x00000000ee100000| Untracked 
| 226|0x00000000ee200000, 0x00000000ee200000, 0x00000000ee300000|  0%| F|  |TAMS 0x00000000ee200000, 0x00000000ee200000| Untracked 
| 227|0x00000000ee300000, 0x00000000ee300000, 0x00000000ee400000|  0%| F|  |TAMS 0x00000000ee300000, 0x00000000ee300000| Untracked 
| 228|0x00000000ee400000, 0x00000000ee400000, 0x00000000ee500000|  0%| F|  |TAMS 0x00000000ee400000, 0x00000000ee400000| Untracked 
| 229|0x00000000ee500000, 0x00000000ee500000, 0x00000000ee600000|  0%| F|  |TAMS 0x00000000ee500000, 0x00000000ee500000| Untracked 
| 230|0x00000000ee600000, 0x00000000ee600000, 0x00000000ee700000|  0%| F|  |TAMS 0x00000000ee600000, 0x00000000ee600000| Untracked 
| 231|0x00000000ee700000, 0x00000000ee700000, 0x00000000ee800000|  0%| F|  |TAMS 0x00000000ee700000, 0x00000000ee700000| Untracked 
| 232|0x00000000ee800000, 0x00000000ee800000, 0x00000000ee900000|  0%| F|  |TAMS 0x00000000ee800000, 0x00000000ee800000| Untracked 
| 233|0x00000000ee900000, 0x00000000ee900000, 0x00000000eea00000|  0%| F|  |TAMS 0x00000000ee900000, 0x00000000ee900000| Untracked 
| 234|0x00000000eea00000, 0x00000000eea00000, 0x00000000eeb00000|  0%| F|  |TAMS 0x00000000eea00000, 0x00000000eea00000| Untracked 
| 235|0x00000000eeb00000, 0x00000000eeb00000, 0x00000000eec00000|  0%| F|  |TAMS 0x00000000eeb00000, 0x00000000eeb00000| Untracked 
| 236|0x00000000eec00000, 0x00000000eec00000, 0x00000000eed00000|  0%| F|  |TAMS 0x00000000eec00000, 0x00000000eec00000| Untracked 
| 237|0x00000000eed00000, 0x00000000eed00000, 0x00000000eee00000|  0%| F|  |TAMS 0x00000000eed00000, 0x00000000eed00000| Untracked 
| 238|0x00000000eee00000, 0x00000000eee00000, 0x00000000eef00000|  0%| F|  |TAMS 0x00000000eee00000, 0x00000000eee00000| Untracked 
| 239|0x00000000eef00000, 0x00000000eef00000, 0x00000000ef000000|  0%| F|  |TAMS 0x00000000eef00000, 0x00000000eef00000| Untracked 
| 240|0x00000000ef000000, 0x00000000ef000000, 0x00000000ef100000|  0%| F|  |TAMS 0x00000000ef000000, 0x00000000ef000000| Untracked 
| 241|0x00000000ef100000, 0x00000000ef100000, 0x00000000ef200000|  0%| F|  |TAMS 0x00000000ef100000, 0x00000000ef100000| Untracked 
| 242|0x00000000ef200000, 0x00000000ef200000, 0x00000000ef300000|  0%| F|  |TAMS 0x00000000ef200000, 0x00000000ef200000| Untracked 
| 243|0x00000000ef300000, 0x00000000ef300000, 0x00000000ef400000|  0%| F|  |TAMS 0x00000000ef300000, 0x00000000ef300000| Untracked 
| 244|0x00000000ef400000, 0x00000000ef400000, 0x00000000ef500000|  0%| F|  |TAMS 0x00000000ef400000, 0x00000000ef400000| Untracked 
| 245|0x00000000ef500000, 0x00000000ef500000, 0x00000000ef600000|  0%| F|  |TAMS 0x00000000ef500000, 0x00000000ef500000| Untracked 
| 246|0x00000000ef600000, 0x00000000ef600000, 0x00000000ef700000|  0%| F|  |TAMS 0x00000000ef600000, 0x00000000ef600000| Untracked 
| 247|0x00000000ef700000, 0x00000000ef700000, 0x00000000ef800000|  0%| F|  |TAMS 0x00000000ef700000, 0x00000000ef700000| Untracked 
| 248|0x00000000ef800000, 0x00000000ef800000, 0x00000000ef900000|  0%| F|  |TAMS 0x00000000ef800000, 0x00000000ef800000| Untracked 
| 249|0x00000000ef900000, 0x00000000ef900000, 0x00000000efa00000|  0%| F|  |TAMS 0x00000000ef900000, 0x00000000ef900000| Untracked 
| 250|0x00000000efa00000, 0x00000000efa00000, 0x00000000efb00000|  0%| F|  |TAMS 0x00000000efa00000, 0x00000000efa00000| Untracked 
| 251|0x00000000efb00000, 0x00000000efbf4fa0, 0x00000000efc00000| 95%| E|  |TAMS 0x00000000efb00000, 0x00000000efb00000| Complete 
| 252|0x00000000efc00000, 0x00000000efd00000, 0x00000000efd00000|100%| E|CS|TAMS 0x00000000efc00000, 0x00000000efc00000| Complete 
| 253|0x00000000efd00000, 0x00000000efe00000, 0x00000000efe00000|100%| E|CS|TAMS 0x00000000efd00000, 0x00000000efd00000| Complete 
| 254|0x00000000efe00000, 0x00000000eff00000, 0x00000000eff00000|100%| E|CS|TAMS 0x00000000efe00000, 0x00000000efe00000| Complete 
| 255|0x00000000eff00000, 0x00000000f0000000, 0x00000000f0000000|100%| E|CS|TAMS 0x00000000eff00000, 0x00000000eff00000| Complete 

Card table byte_map: [0x00000226f13d0000,0x00000226f14d0000] _byte_map_base: 0x00000226f0cd0000

Marking Bits (Prev, Next): (CMBitMap*) 0x00000226e8c97fb8, (CMBitMap*) 0x00000226e8c97ff0
 Prev Bits: [0x00000226f15d0000, 0x00000226f1dd0000)
 Next Bits: [0x00000226f1dd0000, 0x00000226f25d0000)

Polling page: 0x00000226e6c80000

Metaspace:

Usage:
  Non-class:     72.36 MB capacity,    70.17 MB ( 97%) used,     1.93 MB (  3%) free+waste,   278.69 KB ( <1%) overhead. 
      Class:     10.91 MB capacity,     9.92 MB ( 91%) used,   885.54 KB (  8%) free+waste,   128.31 KB (  1%) overhead. 
       Both:     83.27 MB capacity,    80.08 MB ( 96%) used,     2.79 MB (  3%) free+waste,   407.00 KB ( <1%) overhead. 

Virtual space:
  Non-class space:       74.00 MB reserved,      72.63 MB ( 98%) committed 
      Class space:      248.00 MB reserved,      11.07 MB (  4%) committed 
             Both:      322.00 MB reserved,      83.70 MB ( 26%) committed 

Chunk freelists:
   Non-Class:  143.00 KB
       Class:  94.00 KB
        Both:  237.00 KB

MaxMetaspaceSize: 256.00 MB
CompressedClassSpaceSize: 248.00 MB
Initial GC threshold: 20.80 MB
Current GC threshold: 133.97 MB
CDS: off

CodeHeap 'non-profiled nmethods': size=120064Kb used=7225Kb max_used=7225Kb free=112838Kb
 bounds [0x0000022687ac0000, 0x00000226881d0000, 0x000002268f000000]
CodeHeap 'profiled nmethods': size=120000Kb used=29237Kb max_used=29237Kb free=90762Kb
 bounds [0x0000022680590000, 0x0000022682220000, 0x0000022687ac0000]
CodeHeap 'non-nmethods': size=5696Kb used=2344Kb max_used=2396Kb free=3351Kb
 bounds [0x0000022680000000, 0x0000022680270000, 0x0000022680590000]
 total_blobs=14010 nmethods=13149 adapters=773
 compilation: enabled
              stopped_count=0, restarted_count=0
 full_count=0

Compilation events (20 events):
Event: 2303.130 Thread 0x00000226f556c000 13354       3       org.codehaus.groovy.runtime.callsite.AbstractCallSite::callSafe (12 bytes)
Event: 2303.130 Thread 0x00000226f556c000 nmethod 13354 0x000002268221a010 code [0x000002268221a1e0, 0x000002268221a3e8]
Event: 2303.130 Thread 0x00000226f556c000 13355       3       org.codehaus.groovy.runtime.callsite.StaticMetaMethodSite::checkCall (47 bytes)
Event: 2303.132 Thread 0x00000226f556c000 nmethod 13355 0x000002268221a490 code [0x000002268221a680, 0x000002268221aba8]
Event: 2303.161 Thread 0x00000226f4c04800 nmethod 13353 0x00000226881cb910 code [0x00000226881cbb20, 0x00000226881cc378]
Event: 2303.299 Thread 0x00000226f556c000 13356       3       org.gradle.api.internal.tasks.testing.DecoratingTestDescriptor::getId (10 bytes)
Event: 2303.299 Thread 0x00000226f556c000 nmethod 13356 0x000002268221ad90 code [0x000002268221af40, 0x000002268221b108]
Event: 2303.299 Thread 0x00000226f556c000 13357       3       java.nio.charset.CharsetDecoder::<init> (10 bytes)
Event: 2303.299 Thread 0x00000226f556c000 nmethod 13357 0x000002268221b210 code [0x000002268221b3c0, 0x000002268221b4e8]
Event: 2303.299 Thread 0x00000226f556c000 13358       3       java.nio.charset.CharsetDecoder::<init> (100 bytes)
Event: 2303.300 Thread 0x00000226f556c000 nmethod 13358 0x000002268221b590 code [0x000002268221b7c0, 0x000002268221be78]
Event: 2303.300 Thread 0x00000226f556c000 13359       3       java.nio.charset.CharsetDecoder::replaceWith (68 bytes)
Event: 2303.301 Thread 0x00000226f556c000 nmethod 13359 0x000002268221c010 code [0x000002268221c240, 0x000002268221c898]
Event: 2303.353 Thread 0x00000226f4c04800 13360       4       org.codehaus.groovy.reflection.ClassInfo::isValidWeakMetaClass (30 bytes)
Event: 2303.354 Thread 0x00000226f556c000 13361       1       org.gradle.api.internal.tasks.testing.DefaultTestOutputEvent::getMessage (5 bytes)
Event: 2303.354 Thread 0x00000226f556c000 nmethod 13361 0x00000226881ccd10 code [0x00000226881ccec0, 0x00000226881ccf78]
Event: 2303.355 Thread 0x00000226f4c04800 nmethod 13360 0x00000226881cd010 code [0x00000226881cd1c0, 0x00000226881cd278]
Event: 2304.203 Thread 0x00000226f4c04800 13362       4       sun.management.ManagementFactoryHelper::getMemoryPoolMXBeans (51 bytes)
Event: 2304.226 Thread 0x00000226f4c04800 nmethod 13362 0x00000226881cd390 code [0x00000226881cd560, 0x00000226881ce0d8]
Event: 2306.206 Thread 0x00000226f4c04800 13363       4       org.gradle.launcher.daemon.server.health.gc.GarbageCollectionCheck::run (198 bytes)

GC Heap History (20 events):
Event: 3.829 GC heap before
{Heap before GC invocations=5 (full 0):
 garbage-first heap   total 262144K, used 37528K [0x00000000e0000000, 0x0000000100000000)
  region size 1024K, 24 young (24576K), 3 survivors (3072K)
 Metaspace       used 20810K, capacity 21238K, committed 21296K, reserved 274432K
  class space    used 2522K, capacity 2682K, committed 2688K, reserved 253952K
}
Event: 3.834 GC heap after
{Heap after GC invocations=6 (full 0):
 garbage-first heap   total 262144K, used 17591K [0x00000000e0000000, 0x0000000100000000)
  region size 1024K, 4 young (4096K), 4 survivors (4096K)
 Metaspace       used 20810K, capacity 21238K, committed 21296K, reserved 274432K
  class space    used 2522K, capacity 2682K, committed 2688K, reserved 253952K
}
Event: 4.717 GC heap before
{Heap before GC invocations=7 (full 0):
 garbage-first heap   total 262144K, used 78007K [0x00000000e0000000, 0x0000000100000000)
  region size 1024K, 63 young (64512K), 4 survivors (4096K)
 Metaspace       used 26856K, capacity 27563K, committed 27772K, reserved 278528K
  class space    used 3467K, capacity 3737K, committed 3788K, reserved 253952K
}
Event: 4.727 GC heap after
{Heap after GC invocations=8 (full 0):
 garbage-first heap   total 262144K, used 19860K [0x00000000e0000000, 0x0000000100000000)
  region size 1024K, 6 young (6144K), 6 survivors (6144K)
 Metaspace       used 26856K, capacity 27563K, committed 27772K, reserved 278528K
  class space    used 3467K, capacity 3737K, committed 3788K, reserved 253952K
}
Event: 5.982 GC heap before
{Heap before GC invocations=8 (full 0):
 garbage-first heap   total 262144K, used 85396K [0x00000000e0000000, 0x0000000100000000)
  region size 1024K, 71 young (72704K), 6 survivors (6144K)
 Metaspace       used 35138K, capacity 35903K, committed 36048K, reserved 286720K
  class space    used 4525K, capacity 4838K, committed 4940K, reserved 253952K
}
Event: 5.999 GC heap after
{Heap after GC invocations=9 (full 0):
 garbage-first heap   total 262144K, used 23185K [0x00000000e0000000, 0x0000000100000000)
  region size 1024K, 9 young (9216K), 9 survivors (9216K)
 Metaspace       used 35138K, capacity 35903K, committed 36048K, reserved 286720K
  class space    used 4525K, capacity 4838K, committed 4940K, reserved 253952K
}
Event: 9.079 GC heap before
{Heap before GC invocations=10 (full 0):
 garbage-first heap   total 262144K, used 173713K [0x00000000e0000000, 0x0000000100000000)
  region size 1024K, 153 young (156672K), 9 survivors (9216K)
 Metaspace       used 47585K, capacity 48773K, committed 48848K, reserved 296960K
  class space    used 6046K, capacity 6457K, committed 6476K, reserved 253952K
}
Event: 9.104 GC heap after
{Heap after GC invocations=11 (full 0):
 garbage-first heap   total 262144K, used 30132K [0x00000000e0000000, 0x0000000100000000)
  region size 1024K, 16 young (16384K), 16 survivors (16384K)
 Metaspace       used 47585K, capacity 48773K, committed 48848K, reserved 296960K
  class space    used 6046K, capacity 6457K, committed 6476K, reserved 253952K
}
Event: 12.023 GC heap before
{Heap before GC invocations=12 (full 0):
 garbage-first heap   total 262144K, used 170420K [0x00000000e0000000, 0x0000000100000000)
  region size 1024K, 153 young (156672K), 16 survivors (16384K)
 Metaspace       used 56480K, capacity 58358K, committed 58576K, reserved 305152K
  class space    used 7452K, capacity 8141K, committed 8268K, reserved 253952K
}
Event: 12.056 GC heap after
{Heap after GC invocations=13 (full 0):
 garbage-first heap   total 262144K, used 39669K [0x00000000e0000000, 0x0000000100000000)
  region size 1024K, 17 young (17408K), 17 survivors (17408K)
 Metaspace       used 56480K, capacity 58358K, committed 58576K, reserved 305152K
  class space    used 7452K, capacity 8141K, committed 8268K, reserved 253952K
}
Event: 41.174 GC heap before
{Heap before GC invocations=13 (full 0):
 garbage-first heap   total 262144K, used 177909K [0x00000000e0000000, 0x0000000100000000)
  region size 1024K, 153 young (156672K), 17 survivors (17408K)
 Metaspace       used 69239K, capacity 71837K, committed 72144K, reserved 317440K
  class space    used 9045K, capacity 9981K, committed 10060K, reserved 253952K
}
Event: 41.578 GC heap after
{Heap after GC invocations=14 (full 0):
 garbage-first heap   total 262144K, used 47198K [0x00000000e0000000, 0x0000000100000000)
  region size 1024K, 18 young (18432K), 18 survivors (18432K)
 Metaspace       used 69239K, capacity 71837K, committed 72144K, reserved 317440K
  class space    used 9045K, capacity 9981K, committed 10060K, reserved 253952K
}
Event: 221.537 GC heap before
{Heap before GC invocations=14 (full 0):
 garbage-first heap   total 262144K, used 145502K [0x00000000e0000000, 0x0000000100000000)
  region size 1024K, 115 young (117760K), 18 survivors (18432K)
 Metaspace       used 72909K, capacity 75667K, committed 75856K, reserved 319488K
  class space    used 9366K, capacity 10336K, committed 10444K, reserved 253952K
}
Event: 221.757 GC heap after
{Heap after GC invocations=15 (full 0):
 garbage-first heap   total 262144K, used 47684K [0x00000000e0000000, 0x0000000100000000)
  region size 1024K, 9 young (9216K), 9 survivors (9216K)
 Metaspace       used 72909K, capacity 75667K, committed 75856K, reserved 319488K
  class space    used 9366K, capacity 10336K, committed 10444K, reserved 253952K
}
Event: 733.561 GC heap before
{Heap before GC invocations=15 (full 0):
 garbage-first heap   total 262144K, used 194116K [0x00000000e0000000, 0x0000000100000000)
  region size 1024K, 153 young (156672K), 9 survivors (9216K)
 Metaspace       used 76654K, capacity 79719K, committed 79824K, reserved 323584K
  class space    used 9710K, capacity 10735K, committed 10828K, reserved 253952K
}
Event: 733.728 GC heap after
{Heap after GC invocations=16 (full 0):
 garbage-first heap   total 262144K, used 56177K [0x00000000e0000000, 0x0000000100000000)
  region size 1024K, 17 young (17408K), 17 survivors (17408K)
 Metaspace       used 76654K, capacity 79719K, committed 79824K, reserved 323584K
  class space    used 9710K, capacity 10735K, committed 10828K, reserved 253952K
}
Event: 994.488 GC heap before
{Heap before GC invocations=16 (full 0):
 garbage-first heap   total 262144K, used 162673K [0x00000000e0000000, 0x0000000100000000)
  region size 1024K, 123 young (125952K), 17 survivors (17408K)
 Metaspace       used 78883K, capacity 81998K, committed 82056K, reserved 325632K
  class space    used 9892K, capacity 10936K, committed 10956K, reserved 253952K
}
Event: 994.694 GC heap after
{Heap after GC invocations=17 (full 0):
 garbage-first heap   total 262144K, used 52419K [0x00000000e0000000, 0x0000000100000000)
  region size 1024K, 5 young (5120K), 5 survivors (5120K)
 Metaspace       used 78883K, capacity 81998K, committed 82056K, reserved 325632K
  class space    used 9892K, capacity 10936K, committed 10956K, reserved 253952K
}
Event: 2300.283 GC heap before
{Heap before GC invocations=18 (full 0):
 garbage-first heap   total 262144K, used 202947K [0x00000000e0000000, 0x0000000100000000)
  region size 1024K, 153 young (156672K), 5 survivors (5120K)
 Metaspace       used 81962K, capacity 85259K, committed 85712K, reserved 329728K
  class space    used 10153K, capacity 11168K, committed 11340K, reserved 253952K
}
Event: 2300.389 GC heap after
{Heap after GC invocations=19 (full 0):
 garbage-first heap   total 262144K, used 53591K [0x00000000e0000000, 0x0000000100000000)
  region size 1024K, 6 young (6144K), 6 survivors (6144K)
 Metaspace       used 81962K, capacity 85259K, committed 85712K, reserved 329728K
  class space    used 10153K, capacity 11168K, committed 11340K, reserved 253952K
}

Deoptimization events (20 events):
Event: 2295.167 Thread 0x00000226f6c75000 DEOPT PACKING pc=0x000002268810923c sp=0x00000052bb2fe770
Event: 2295.167 Thread 0x00000226f6c75000 DEOPT UNPACKING pc=0x000002268004a1af sp=0x00000052bb2fe720 mode 2
Event: 2297.411 Thread 0x00000226f6c7f000 Uncommon trap: trap_request=0xfffffff4 fr.pc=0x000002268818da14 relative=0x0000000000000a94
Event: 2297.411 Thread 0x00000226f6c7f000 Uncommon trap: reason=null_check action=make_not_entrant pc=0x000002268818da14 method=org.gradle.tooling.internal.provider.runner.ClientBuildEventGenerator$Enabled.accept(Lorg/gradle/internal/operations/BuildOperationDescriptor;)Lorg/gradle/tooling/intern
Event: 2297.411 Thread 0x00000226f6c7f000 DEOPT PACKING pc=0x000002268818da14 sp=0x00000052be1f8110
Event: 2297.411 Thread 0x00000226f6c7f000 DEOPT UNPACKING pc=0x000002268004a1af sp=0x00000052be1f8048 mode 2
Event: 2298.150 Thread 0x00000226f6c7f000 Uncommon trap: trap_request=0xffffff4d fr.pc=0x0000022688021e04 relative=0x0000000000000244
Event: 2298.150 Thread 0x00000226f6c7f000 Uncommon trap: reason=unstable_if action=reinterpret pc=0x0000022688021e04 method=com.sun.tools.javac.parser.UnicodeReader.scanChar()V @ 37 c2
Event: 2298.150 Thread 0x00000226f6c7f000 DEOPT PACKING pc=0x0000022688021e04 sp=0x00000052be1f7490
Event: 2298.150 Thread 0x00000226f6c7f000 DEOPT UNPACKING pc=0x000002268004a1af sp=0x00000052be1f73e0 mode 2
Event: 2298.150 Thread 0x00000226f6c7f000 Uncommon trap: trap_request=0xffffff4d fr.pc=0x0000022687f733cc relative=0x00000000000000ac
Event: 2298.150 Thread 0x00000226f6c7f000 Uncommon trap: reason=unstable_if action=reinterpret pc=0x0000022687f733cc method=com.sun.tools.javac.parser.UnicodeReader.scanChar()V @ 37 c2
Event: 2298.150 Thread 0x00000226f6c7f000 DEOPT PACKING pc=0x0000022687f733cc sp=0x00000052be1f7430
Event: 2298.150 Thread 0x00000226f6c7f000 DEOPT UNPACKING pc=0x000002268004a1af sp=0x00000052be1f73d8 mode 2
Event: 2298.272 Thread 0x00000226f6c7f000 DEOPT PACKING pc=0x000002268165f97f sp=0x00000052be1f7990
Event: 2298.272 Thread 0x00000226f6c7f000 DEOPT UNPACKING pc=0x000002268004a95e sp=0x00000052be1f6eb0 mode 0
Event: 2300.019 Thread 0x00000226f6c7f000 DEOPT PACKING pc=0x0000022681c3795e sp=0x00000052be1f8fc0
Event: 2300.019 Thread 0x00000226f6c7f000 DEOPT UNPACKING pc=0x000002268004a95e sp=0x00000052be1f8520 mode 0
Event: 2300.050 Thread 0x00000226f6c7f000 DEOPT PACKING pc=0x0000022681727c0c sp=0x00000052be1f9070
Event: 2300.050 Thread 0x00000226f6c7f000 DEOPT UNPACKING pc=0x000002268004a95e sp=0x00000052be1f8538 mode 0

Classes redefined (0 events):
No events

Internal exceptions (20 events):
Event: 2298.617 Thread 0x00000226f6c7f000 Exception <a 'sun/nio/fs/WindowsException'{0x00000000e8cf8e28}> (0x00000000e8cf8e28) thrown at [./src/hotspot/share/prims/jni.cpp, line 617]
Event: 2298.617 Thread 0x00000226f6c7f000 Exception <a 'sun/nio/fs/WindowsException'{0x00000000e8cf9048}> (0x00000000e8cf9048) thrown at [./src/hotspot/share/prims/jni.cpp, line 617]
Event: 2299.705 Thread 0x00000226f6c7f000 Exception <a 'sun/nio/fs/WindowsException'{0x00000000e6dde5e8}> (0x00000000e6dde5e8) thrown at [./src/hotspot/share/prims/jni.cpp, line 617]
Event: 2299.705 Thread 0x00000226f6c7f000 Exception <a 'sun/nio/fs/WindowsException'{0x00000000e6dde898}> (0x00000000e6dde898) thrown at [./src/hotspot/share/prims/jni.cpp, line 617]
Event: 2299.705 Thread 0x00000226f6c7f000 Exception <a 'sun/nio/fs/WindowsException'{0x00000000e6de46e0}> (0x00000000e6de46e0) thrown at [./src/hotspot/share/prims/jni.cpp, line 617]
Event: 2299.705 Thread 0x00000226f6c7f000 Exception <a 'sun/nio/fs/WindowsException'{0x00000000e6de4990}> (0x00000000e6de4990) thrown at [./src/hotspot/share/prims/jni.cpp, line 617]
Event: 2299.708 Thread 0x00000226f6c7f000 Exception <a 'sun/nio/fs/WindowsException'{0x00000000e6df0a50}> (0x00000000e6df0a50) thrown at [./src/hotspot/share/prims/jni.cpp, line 617]
Event: 2299.708 Thread 0x00000226f6c7f000 Exception <a 'sun/nio/fs/WindowsException'{0x00000000e6df0d18}> (0x00000000e6df0d18) thrown at [./src/hotspot/share/prims/jni.cpp, line 617]
Event: 2299.713 Thread 0x00000226f6c7f000 Exception <a 'sun/nio/fs/WindowsException'{0x00000000e6dfd568}> (0x00000000e6dfd568) thrown at [./src/hotspot/share/prims/jni.cpp, line 617]
Event: 2299.713 Thread 0x00000226f6c7f000 Exception <a 'sun/nio/fs/WindowsException'{0x00000000e6dfd830}> (0x00000000e6dfd830) thrown at [./src/hotspot/share/prims/jni.cpp, line 617]
Event: 2299.769 Thread 0x00000226f6c7f000 Exception <a 'sun/nio/fs/WindowsException'{0x00000000e6b7ec08}> (0x00000000e6b7ec08) thrown at [./src/hotspot/share/prims/jni.cpp, line 617]
Event: 2299.773 Thread 0x00000226f6c7f000 Exception <a 'sun/nio/fs/WindowsException'{0x00000000e6b87610}> (0x00000000e6b87610) thrown at [./src/hotspot/share/prims/jni.cpp, line 617]
Event: 2299.776 Thread 0x00000226f6c7f000 Exception <a 'sun/nio/fs/WindowsException'{0x00000000e6b9ef88}> (0x00000000e6b9ef88) thrown at [./src/hotspot/share/prims/jni.cpp, line 617]
Event: 2299.776 Thread 0x00000226f6c7f000 Exception <a 'sun/nio/fs/WindowsException'{0x00000000e6ba03b8}> (0x00000000e6ba03b8) thrown at [./src/hotspot/share/prims/jni.cpp, line 617]
Event: 2299.776 Thread 0x00000226f6c7f000 Exception <a 'sun/nio/fs/WindowsException'{0x00000000e6ba16c0}> (0x00000000e6ba16c0) thrown at [./src/hotspot/share/prims/jni.cpp, line 617]
Event: 2299.777 Thread 0x00000226f6c7f000 Exception <a 'sun/nio/fs/WindowsException'{0x00000000e6ba2ad8}> (0x00000000e6ba2ad8) thrown at [./src/hotspot/share/prims/jni.cpp, line 617]
Event: 2299.777 Thread 0x00000226f6c7f000 Exception <a 'sun/nio/fs/WindowsException'{0x00000000e6ba2d18}> (0x00000000e6ba2d18) thrown at [./src/hotspot/share/prims/jni.cpp, line 617]
Event: 2299.777 Thread 0x00000226f6c7f000 Exception <a 'sun/nio/fs/WindowsException'{0x00000000e6ba53e0}> (0x00000000e6ba53e0) thrown at [./src/hotspot/share/prims/jni.cpp, line 617]
Event: 2299.777 Thread 0x00000226f6c7f000 Exception <a 'sun/nio/fs/WindowsException'{0x00000000e6ba55f0}> (0x00000000e6ba55f0) thrown at [./src/hotspot/share/prims/jni.cpp, line 617]
Event: 2299.777 Thread 0x00000226f6c7f000 Exception <a 'sun/nio/fs/WindowsException'{0x00000000e6bb7fe0}> (0x00000000e6bb7fe0) thrown at [./src/hotspot/share/prims/jni.cpp, line 617]

Events (20 events):
Event: 2301.387 Executing VM operation: RevokeBias done
Event: 2301.387 Thread 0x00000226f6835000 Thread exited: 0x00000226f6835000
Event: 2302.018 Thread 0x00000226f6832800 Thread added: 0x00000226f6832800
Event: 2302.019 Thread 0x00000226f6835000 Thread added: 0x00000226f6835000
Event: 2302.019 loading class org/gradle/api/internal/tasks/testing/worker/RemoteTestClassProcessor
Event: 2302.019 loading class org/gradle/api/internal/tasks/testing/worker/RemoteTestClassProcessor done
Event: 2302.023 Thread 0x00000226f6834000 Thread added: 0x00000226f6834000
Event: 2302.023 Thread 0x00000226f682f000 Thread added: 0x00000226f682f000
Event: 2302.028 Executing VM operation: BulkRevokeBias
Event: 2302.034 Executing VM operation: BulkRevokeBias done
Event: 2302.589 Executing VM operation: RevokeBias
Event: 2302.590 Executing VM operation: RevokeBias done
Event: 2302.590 Executing VM operation: RevokeBias
Event: 2302.590 Executing VM operation: RevokeBias done
Event: 2302.590 Executing VM operation: RevokeBias
Event: 2302.591 Executing VM operation: RevokeBias done
Event: 2302.591 Executing VM operation: RevokeBias
Event: 2302.591 Executing VM operation: RevokeBias done
Event: 2302.591 Executing VM operation: BulkRevokeBias
Event: 2302.593 Executing VM operation: BulkRevokeBias done


Dynamic libraries:
0x00007ff7bfce0000 - 0x00007ff7bfced000 	C:\Program Files\Eclipse Adoptium\jdk-11.0.15.10-hotspot\bin\java.exe
0x00007ffed7080000 - 0x00007ffed7289000 	C:\WINDOWS\SYSTEM32\ntdll.dll
0x00007ffed5070000 - 0x00007ffed512d000 	C:\WINDOWS\System32\KERNEL32.DLL
0x00007ffed4930000 - 0x00007ffed4cac000 	C:\WINDOWS\System32\KERNELBASE.dll
0x00007ffed4590000 - 0x00007ffed46a1000 	C:\WINDOWS\System32\ucrtbase.dll
0x00007ffeb9880000 - 0x00007ffeb9895000 	C:\Program Files\Eclipse Adoptium\jdk-11.0.15.10-hotspot\bin\VCRUNTIME140.dll
0x00007ffec2e80000 - 0x00007ffec2e97000 	C:\Program Files\Eclipse Adoptium\jdk-11.0.15.10-hotspot\bin\jli.dll
0x00007ffed55c0000 - 0x00007ffed576d000 	C:\WINDOWS\System32\USER32.dll
0x00007ffed4560000 - 0x00007ffed4586000 	C:\WINDOWS\System32\win32u.dll
0x00007ffed3200000 - 0x00007ffed34a5000 	C:\WINDOWS\WinSxS\amd64_microsoft.windows.common-controls_6595b64144ccf1df_6.0.22000.120_none_9d947278b86cc467\COMCTL32.dll
0x00007ffed5130000 - 0x00007ffed5159000 	C:\WINDOWS\System32\GDI32.dll
0x00007ffed52d0000 - 0x00007ffed5373000 	C:\WINDOWS\System32\msvcrt.dll
0x00007ffed4d70000 - 0x00007ffed4e89000 	C:\WINDOWS\System32\gdi32full.dll
0x00007ffed4890000 - 0x00007ffed492d000 	C:\WINDOWS\System32\msvcp_win.dll
0x00007ffed4f10000 - 0x00007ffed4f41000 	C:\WINDOWS\System32\IMM32.DLL
0x00007ffe895a0000 - 0x00007ffe8963b000 	C:\Program Files\Eclipse Adoptium\jdk-11.0.15.10-hotspot\bin\msvcp140.dll
0x00007ffe75470000 - 0x00007ffe75ff1000 	C:\Program Files\Eclipse Adoptium\jdk-11.0.15.10-hotspot\bin\server\jvm.dll
0x00007ffed6950000 - 0x00007ffed69fe000 	C:\WINDOWS\System32\ADVAPI32.dll
0x00007ffed5f50000 - 0x00007ffed5fee000 	C:\WINDOWS\System32\sechost.dll
0x00007ffed54a0000 - 0x00007ffed55c0000 	C:\WINDOWS\System32\RPCRT4.dll
0x00007ffed4f50000 - 0x00007ffed4f58000 	C:\WINDOWS\System32\PSAPI.DLL
0x00007ffecbb80000 - 0x00007ffecbb8a000 	C:\WINDOWS\SYSTEM32\VERSION.dll
0x00007ffed27e0000 - 0x00007ffed2813000 	C:\WINDOWS\SYSTEM32\WINMM.dll
0x00007ffec9da0000 - 0x00007ffec9da9000 	C:\WINDOWS\SYSTEM32\WSOCK32.dll
0x00007ffed6fd0000 - 0x00007ffed703f000 	C:\WINDOWS\System32\WS2_32.dll
0x00007ffed3650000 - 0x00007ffed3668000 	C:\WINDOWS\SYSTEM32\kernel.appcore.dll
0x00007ffec5690000 - 0x00007ffec56a0000 	C:\Program Files\Eclipse Adoptium\jdk-11.0.15.10-hotspot\bin\verify.dll
0x00007ffed1de0000 - 0x00007ffed2001000 	C:\WINDOWS\SYSTEM32\DBGHELP.DLL
0x00007ffe9d3b0000 - 0x00007ffe9d3e1000 	C:\WINDOWS\SYSTEM32\dbgcore.DLL
0x00007ffed4e90000 - 0x00007ffed4f0f000 	C:\WINDOWS\System32\bcryptPrimitives.dll
0x00007ffeb6c80000 - 0x00007ffeb6ca8000 	C:\Program Files\Eclipse Adoptium\jdk-11.0.15.10-hotspot\bin\java.dll
0x00007ffec5450000 - 0x00007ffec545a000 	C:\Program Files\Eclipse Adoptium\jdk-11.0.15.10-hotspot\bin\jimage.dll
0x00007ffeb6c60000 - 0x00007ffeb6c78000 	C:\Program Files\Eclipse Adoptium\jdk-11.0.15.10-hotspot\bin\zip.dll
0x00007ffed5ff0000 - 0x00007ffed67a8000 	C:\WINDOWS\System32\SHELL32.dll
0x00007ffed2990000 - 0x00007ffed31f8000 	C:\WINDOWS\SYSTEM32\windows.storage.dll
0x00007ffed57d0000 - 0x00007ffed5b49000 	C:\WINDOWS\System32\combase.dll
0x00007ffed2820000 - 0x00007ffed2986000 	C:\WINDOWS\SYSTEM32\wintypes.dll
0x00007ffed5d70000 - 0x00007ffed5e5a000 	C:\WINDOWS\System32\SHCORE.dll
0x00007ffed4f60000 - 0x00007ffed4fbd000 	C:\WINDOWS\System32\shlwapi.dll
0x00007ffed4490000 - 0x00007ffed44b1000 	C:\WINDOWS\SYSTEM32\profapi.dll
0x00007ffeb6c40000 - 0x00007ffeb6c59000 	C:\Program Files\Eclipse Adoptium\jdk-11.0.15.10-hotspot\bin\net.dll
0x00007ffecd130000 - 0x00007ffecd23c000 	C:\WINDOWS\SYSTEM32\WINHTTP.dll
0x00007ffed3a80000 - 0x00007ffed3ae7000 	C:\WINDOWS\system32\mswsock.dll
0x00007ffeb4980000 - 0x00007ffeb4993000 	C:\Program Files\Eclipse Adoptium\jdk-11.0.15.10-hotspot\bin\nio.dll
0x00007ffec5780000 - 0x00007ffec57a7000 	C:\Users\\.gradle\native\e1d6ef7f7dcc3fd88c89a11ec53ec762bb8ba0a96d01ffa2cd45eb1d1d8dd5c5\windows-amd64\native-platform.dll
0x00007ffea3e40000 - 0x00007ffea3f84000 	C:\Users\\.gradle\native\0d407fdbe67a94daf76414ababcb853783967236a71b16ec16e742cd7a986fd3\windows-amd64\native-platform-file-events.dll
0x00007ffecfa00000 - 0x00007ffecfa09000 	C:\Program Files\Eclipse Adoptium\jdk-11.0.15.10-hotspot\bin\management.dll
0x00007ffecf2d0000 - 0x00007ffecf2db000 	C:\Program Files\Eclipse Adoptium\jdk-11.0.15.10-hotspot\bin\management_ext.dll
0x00007ffed3cc0000 - 0x00007ffed3cd8000 	C:\WINDOWS\SYSTEM32\CRYPTSP.dll
0x00000000629d0000 - 0x00000000629e9000 	C:\Program Files\Common Files\Crypto Pro\AppCompat\cpadvai.dll
0x00007ffed35b0000 - 0x00007ffed35e5000 	C:\WINDOWS\system32\rsaenh.dll
0x00007ffed3b70000 - 0x00007ffed3b99000 	C:\WINDOWS\SYSTEM32\USERENV.dll
0x00007ffed3e50000 - 0x00007ffed3e77000 	C:\WINDOWS\SYSTEM32\bcrypt.dll
0x00007ffed3ce0000 - 0x00007ffed3cec000 	C:\WINDOWS\SYSTEM32\CRYPTBASE.dll
0x00007ffed2430000 - 0x00007ffed245d000 	C:\WINDOWS\SYSTEM32\IPHLPAPI.DLL
0x00007ffed5780000 - 0x00007ffed5789000 	C:\WINDOWS\System32\NSI.dll
0x00007ffecd960000 - 0x00007ffecd979000 	C:\WINDOWS\SYSTEM32\dhcpcsvc6.DLL
0x00007ffece1e0000 - 0x00007ffece1fe000 	C:\WINDOWS\SYSTEM32\dhcpcsvc.DLL
0x00007ffed24a0000 - 0x00007ffed2588000 	C:\WINDOWS\SYSTEM32\DNSAPI.dll

dbghelp: loaded successfully - version: 4.0.5 - missing functions: none
symbol engine: initialized successfully - sym options: 0x614 - pdb path: .;C:\Program Files\Eclipse Adoptium\jdk-11.0.15.10-hotspot\bin;C:\WINDOWS\SYSTEM32;C:\WINDOWS\WinSxS\amd64_microsoft.windows.common-controls_6595b64144ccf1df_6.0.22000.120_none_9d947278b86cc467;C:\Program Files\Eclipse Adoptium\jdk-11.0.15.10-hotspot\bin\server;C:\Users\\.gradle\native\e1d6ef7f7dcc3fd88c89a11ec53ec762bb8ba0a96d01ffa2cd45eb1d1d8dd5c5\windows-amd64;C:\Users\\.gradle\native\0d407fdbe67a94daf76414ababcb853783967236a71b16ec16e742cd7a986fd3\windows-amd64;C:\Program Files\Common Files\Crypto Pro\AppCompat

VM Arguments:
jvm_args: --add-opens=java.base/java.util=ALL-UNNAMED --add-opens=java.base/java.lang=ALL-UNNAMED --add-opens=java.base/java.lang.invoke=ALL-UNNAMED --add-opens=java.base/java.util=ALL-UNNAMED --add-opens=java.prefs/java.util.prefs=ALL-UNNAMED --add-opens=java.prefs/java.util.prefs=ALL-UNNAMED --add-opens=java.base/java.nio.charset=ALL-UNNAMED --add-opens=java.base/java.net=ALL-UNNAMED --add-opens=java.base/java.util.concurrent.atomic=ALL-UNNAMED -XX:MaxMetaspaceSize=256m -XX:+HeapDumpOnOutOfMemoryError -Xms256m -Xmx512m -Dfile.encoding=windows-1251 -Duser.country=RU -Duser.language=ru -Duser.variant 
java_command: org.gradle.launcher.daemon.bootstrap.GradleDaemon 7.4
java_class_path (initial): C:\Users\\.gradle\wrapper\dists\gradle-7.4-bin\c0gwcg53nkjbqw7r0h0umtfvt\gradle-7.4\lib\gradle-launcher-7.4.jar
Launcher Type: SUN_STANDARD

[Global flags]
     intx CICompilerCount                          = 3                                         {product} {ergonomic}
   size_t CompressedClassSpaceSize                 = 260046848                                 {product} {ergonomic}
     uint ConcGCThreads                            = 1                                         {product} {ergonomic}
     uint G1ConcRefinementThreads                  = 4                                         {product} {ergonomic}
   size_t G1HeapRegionSize                         = 1048576                                   {product} {ergonomic}
    uintx GCDrainStackTargetSize                   = 64                                        {product} {ergonomic}
     bool HeapDumpOnOutOfMemoryError               = true                                   {manageable} {command line}
   size_t InitialHeapSize                          = 268435456                                 {product} {command line}
   size_t MarkStackSize                            = 4194304                                   {product} {ergonomic}
   size_t MaxHeapSize                              = 536870912                                 {product} {command line}
   size_t MaxMetaspaceSize                         = 268435456                                 {product} {command line}
   size_t MaxNewSize                               = 321912832                                 {product} {ergonomic}
   size_t MinHeapDeltaBytes                        = 1048576                                   {product} {ergonomic}
    uintx NonNMethodCodeHeapSize                   = 5830732                                {pd product} {ergonomic}
    uintx NonProfiledCodeHeapSize                  = 122913754                              {pd product} {ergonomic}
    uintx ProfiledCodeHeapSize                     = 122913754                              {pd product} {ergonomic}
    uintx ReservedCodeCacheSize                    = 251658240                              {pd product} {ergonomic}
     bool SegmentedCodeCache                       = true                                      {product} {ergonomic}
     bool UseCompressedClassPointers               = true                                 {lp64_product} {ergonomic}
     bool UseCompressedOops                        = true                                 {lp64_product} {ergonomic}
     bool UseG1GC                                  = true                                      {product} {ergonomic}
     bool UseLargePagesIndividualAllocation        = false                                  {pd product} {ergonomic}

Logging:
Log output configuration:
 #0: stdout all=warning uptime,level,tags
 #1: stderr all=off uptime,level,tags

Environment Variables:
PATH=C:\Program Files\Eclipse Adoptium\jdk-11.0.15.10-hotspot\bin;C:\WINDOWS\system32;C:\WINDOWS;C:\WINDOWS\System32\Wbem;C:\WINDOWS\System32\WindowsPowerShell\v1.0\;C:\WINDOWS\System32\OpenSSH\;C:\Program Files\Common Files\Autodesk Shared\;C:\Program Files\Git\cmd;C:\Users\\AppData\Local\Programs\Python\Python39\Scripts\;C:\Users\\AppData\Local\Programs\Python\Python39\;C:\Users\\AppData\Local\Microsoft\WindowsApps;C:\Program Files\JetBrains\PyCharm Community Edition 2020.3.2\bin;;C:\Users\\ffmpeg\bin\;;C:\Program Files\JetBrains\IntelliJ IDEA Community Edition 2022.1.1\bin;;C:\Users\\AppData\Local\Programs\Microsoft VS Code\bin
USERNAME=
OS=Windows_NT
PROCESSOR_IDENTIFIER=AMD64 Family 23 Model 24 Stepping 1, AuthenticAMD



---------------  S Y S T E M  ---------------

OS: Windows 11 , 64 bit Build 22000 (10.0.22000.708)
OS uptime: 2 days 5:30 hours

CPU:total 4 (initial active 4) (4 cores per cpu, 2 threads per core) family 23 model 24 stepping 1 microcode 0x0, cmov, cx8, fxsr, mmx, sse, sse2, sse3, ssse3, sse4.1, sse4.2, popcnt, avx, avx2, aes, clmul, mmxext, 3dnowpref, lzcnt, sse4a, ht, tsc, tscinvbit, tscinv, bmi1, bmi2, adx, sha, fma

Memory: 4k page, system-wide physical 3460M (53M free)
TotalPageFile size 14212M (AvailPageFile size 3M)
current process WorkingSet (physical memory assigned to process): 233M, peak: 374M
current process commit charge ("private bytes"): 506M, peak: 519M

vm_info: OpenJDK 64-Bit Server VM (11.0.15+10) for windows-amd64 JRE (11.0.15+10), built on Apr 19 2022 22:29:44 by "" with unknown MS VC++:1916

END.
